<?xml version="1.0" encoding="UTF-8"?>
<!-- Generated by org.testng.reporters.JUnitXMLReporter -->
<testsuite ignored="0" hostname="KPK" failures="0" tests="2" name="Error Validations Test" time="24.703" errors="0" timestamp="01 Oct 2024 12:31:58 GMT">
  <testcase classname="seleniumframework.tests.ErrorValidationsTest" name="loginErrorValidation" time="0.943"/>
  <testcase classname="seleniumframework.tests.ErrorValidationsTest" name="productErrorValidation" time="3.187"/>
</testsuite> <!-- Error Validations Test -->
