<?xml version="1.0" encoding="UTF-8"?>
<!-- Generated by org.testng.reporters.JUnitXMLReporter -->
<testsuite ignored="0" hostname="KPK" failures="0" tests="2" name="Error Validations Test" time="57.569" errors="0" timestamp="01 Oct 2024 12:45:41 GMT">
  <testcase classname="seleniumframework.tests.ErrorValidationsTest" name="loginErrorValidation" time="1.309"/>
  <testcase classname="seleniumframework.tests.ErrorValidationsTest" name="productErrorValidation" time="3.72"/>
</testsuite> <!-- Error Validations Test -->
