<?xml version="1.0" encoding="UTF-8"?>
<testng-results ignored="0" total="2" passed="2" failed="0" skipped="0">
  <reporter-output>
  </reporter-output>
  <suite started-at="2024-10-01T12:44:44Z" name="Suite" finished-at="2024-10-01T12:45:41Z" duration-ms="57569">
    <groups>
      <group name="Purchase">
        <method signature="SubmitOrderTest.submitOrder(java.util.HashMap)[pri:0, instance:seleniumframework.tests.SubmitOrderTest@344f4dea]" name="submitOrder" class="seleniumframework.tests.SubmitOrderTest"/>
      </group> <!-- Purchase -->
      <group name="ErrorHandling">
        <method signature="ErrorValidationsTest.loginErrorValidation()[pri:0, instance:seleniumframework.tests.ErrorValidationsTest@7ac0e420]" name="loginErrorValidation" class="seleniumframework.tests.ErrorValidationsTest"/>
      </group> <!-- ErrorHandling -->
    </groups>
    <test started-at="2024-10-01T12:44:44Z" name="Error Validations Test" finished-at="2024-10-01T12:45:41Z" duration-ms="57569">
      <class name="seleniumframework.tests.ErrorValidationsTest">
        <test-method is-config="true" signature="launchApplication()[pri:0, instance:seleniumframework.tests.ErrorValidationsTest@7ac0e420]" started-at="2024-10-01T12:44:44Z" name="launchApplication" finished-at="2024-10-01T12:45:23Z" duration-ms="39261" status="PASS">
          <reporter-output>
          </reporter-output>
        </test-method> <!-- launchApplication -->
        <test-method signature="loginErrorValidation()[pri:0, instance:seleniumframework.tests.ErrorValidationsTest@7ac0e420]" started-at="2024-10-01T12:45:23Z" name="loginErrorValidation" finished-at="2024-10-01T12:45:24Z" duration-ms="1309" status="PASS">
          <reporter-output>
          </reporter-output>
        </test-method> <!-- loginErrorValidation -->
        <test-method is-config="true" signature="tearDown()[pri:0, instance:seleniumframework.tests.ErrorValidationsTest@7ac0e420]" started-at="2024-10-01T12:45:24Z" name="tearDown" finished-at="2024-10-01T12:45:25Z" duration-ms="224" status="PASS">
          <reporter-output>
          </reporter-output>
        </test-method> <!-- tearDown -->
        <test-method is-config="true" signature="launchApplication()[pri:0, instance:seleniumframework.tests.ErrorValidationsTest@7ac0e420]" started-at="2024-10-01T12:45:25Z" name="launchApplication" finished-at="2024-10-01T12:45:37Z" duration-ms="12791" status="PASS">
          <reporter-output>
          </reporter-output>
        </test-method> <!-- launchApplication -->
        <test-method signature="productErrorValidation()[pri:0, instance:seleniumframework.tests.ErrorValidationsTest@7ac0e420]" started-at="2024-10-01T12:45:37Z" name="productErrorValidation" finished-at="2024-10-01T12:45:41Z" duration-ms="3720" status="PASS">
          <reporter-output>
          </reporter-output>
        </test-method> <!-- productErrorValidation -->
        <test-method is-config="true" signature="tearDown()[pri:0, instance:seleniumframework.tests.ErrorValidationsTest@7ac0e420]" started-at="2024-10-01T12:45:41Z" name="tearDown" finished-at="2024-10-01T12:45:41Z" duration-ms="249" status="PASS">
          <reporter-output>
          </reporter-output>
        </test-method> <!-- tearDown -->
      </class> <!-- seleniumframework.tests.ErrorValidationsTest -->
    </test> <!-- Error Validations Test -->
  </suite> <!-- Suite -->
</testng-results>
