<?xml version="1.0" encoding="UTF-8"?>
<testsuite xmlns:xsi="http://www.w3.org/2001/XMLSchema-instance" xsi:noNamespaceSchemaLocation="https://maven.apache.org/surefire/maven-surefire-plugin/xsd/surefire-test-report-3.0.xsd" version="3.0" name="TestSuite" time="59.361" tests="2" errors="0" skipped="0" failures="0">
  <properties>
[...]
</properties>
  <testcase name="loginErrorValidation" classname="seleniumframework.tests.ErrorValidationsTest" time="1.312">
    <system-out><![CDATA[[TestNGContentHandler] [WARN] It is strongly recommended to add "<!DOCTYPE suite SYSTEM "http://testng.org/testng-1.0.dtd" >" at the top of your file, otherwise TestNG may fail or not work as expected.
18:14:44.313 [TestNG-tests-2] DEBUG io.github.bonigarcia.wdm.WebDriverManager - Using WebDriverManager 5.7.0
18:14:44.427 [TestNG-tests-1] DEBUG io.github.bonigarcia.wdm.WebDriverManager - Using WebDriverManager 5.7.0
18:14:44.586 [TestNG-tests-1] DEBUG io.github.bonigarcia.wdm.cache.ResolutionCache - Resolution chrome=129 in cache (valid until 19:00:35 01/10/2024 IST)
18:14:44.586 [TestNG-tests-2] DEBUG io.github.bonigarcia.wdm.cache.ResolutionCache - Resolution chrome=129 in cache (valid until 19:00:35 01/10/2024 IST)
18:14:44.587 [TestNG-tests-1] DEBUG io.github.bonigarcia.wdm.cache.ResolutionCache - Resolution chrome129=129.0.6668.70 in cache (valid until 16:45:56 02/10/2024 IST)
18:14:44.587 [TestNG-tests-2] DEBUG io.github.bonigarcia.wdm.cache.ResolutionCache - Resolution chrome129=129.0.6668.70 in cache (valid until 16:45:56 02/10/2024 IST)
18:14:44.588 [TestNG-tests-2] INFO io.github.bonigarcia.wdm.WebDriverManager - Using chromedriver 129.0.6668.70 (resolved driver for Chrome 129)
18:14:44.588 [TestNG-tests-1] INFO io.github.bonigarcia.wdm.WebDriverManager - Using chromedriver 129.0.6668.70 (resolved driver for Chrome 129)
18:14:44.609 [TestNG-tests-2] DEBUG io.github.bonigarcia.wdm.WebDriverManager - Driver chromedriver 129.0.6668.70 found in cache
18:14:44.609 [TestNG-tests-1] DEBUG io.github.bonigarcia.wdm.WebDriverManager - Driver chromedriver 129.0.6668.70 found in cache
18:14:44.611 [TestNG-tests-2] INFO io.github.bonigarcia.wdm.WebDriverManager - Exporting webdriver.chrome.driver as C:\Users\kpk36\.cache\selenium\chromedriver\win64\129.0.6668.70\chromedriver.exe
18:14:44.611 [TestNG-tests-1] INFO io.github.bonigarcia.wdm.WebDriverManager - Exporting webdriver.chrome.driver as C:\Users\kpk36\.cache\selenium\chromedriver\win64\129.0.6668.70\chromedriver.exe
18:14:44.700 [TestNG-tests-1] DEBUG io.netty.util.internal.logging.InternalLoggerFactory - Using SLF4J as the default logging framework
18:14:44.702 [TestNG-tests-1] DEBUG io.netty.util.ResourceLeakDetector - -Dio.netty.leakDetection.level: simple
18:14:44.702 [TestNG-tests-1] DEBUG io.netty.util.ResourceLeakDetector - -Dio.netty.leakDetection.targetRecords: 4
18:14:44.704 [TestNG-tests-1] DEBUG io.netty.util.ResourceLeakDetectorFactory - Loaded default ResourceLeakDetector: io.netty.util.ResourceLeakDetector@59882008
18:14:44.719 [TestNG-tests-1] DEBUG io.netty.util.internal.PlatformDependent0 - -Dio.netty.noUnsafe: false
18:14:44.719 [TestNG-tests-1] DEBUG io.netty.util.internal.PlatformDependent0 - Java version: 21
18:14:44.720 [TestNG-tests-1] DEBUG io.netty.util.internal.PlatformDependent0 - sun.misc.Unsafe.theUnsafe: available
18:14:44.721 [TestNG-tests-1] DEBUG io.netty.util.internal.PlatformDependent0 - sun.misc.Unsafe.copyMemory: available
18:14:44.722 [TestNG-tests-1] DEBUG io.netty.util.internal.PlatformDependent0 - sun.misc.Unsafe.storeFence: available
18:14:44.722 [TestNG-tests-1] DEBUG io.netty.util.internal.PlatformDependent0 - java.nio.Buffer.address: available
18:14:44.723 [TestNG-tests-1] DEBUG io.netty.util.internal.PlatformDependent0 - direct buffer constructor: unavailable: java.nio.DirectByteBuffer.<init>(long,int)
18:14:44.723 [TestNG-tests-1] DEBUG io.netty.util.internal.PlatformDependent0 - java.nio.Bits.unaligned: available, true
18:14:44.724 [TestNG-tests-1] DEBUG io.netty.util.internal.PlatformDependent0 - jdk.internal.misc.Unsafe.allocateUninitializedArray(int): unavailable: class io.netty.util.internal.PlatformDependent0$7 cannot access class jdk.internal.misc.Unsafe (in module java.base) because module java.base does not export jdk.internal.misc to unnamed module @3b96c42e
18:14:44.726 [TestNG-tests-1] DEBUG io.netty.util.internal.PlatformDependent0 - java.nio.DirectByteBuffer.<init>(long, int): unavailable
18:14:44.726 [TestNG-tests-1] DEBUG io.netty.util.internal.PlatformDependent - sun.misc.Unsafe: available
18:14:44.727 [TestNG-tests-1] DEBUG io.netty.util.internal.PlatformDependent - maxDirectMemory: 2061500416 bytes (maybe)
18:14:44.727 [TestNG-tests-1] DEBUG io.netty.util.internal.PlatformDependent - -Dio.netty.tmpdir: C:\Users\kpk36\AppData\Local\Temp (java.io.tmpdir)
18:14:44.727 [TestNG-tests-1] DEBUG io.netty.util.internal.PlatformDependent - -Dio.netty.bitMode: 64 (sun.arch.data.model)
18:14:44.727 [TestNG-tests-1] DEBUG io.netty.util.internal.PlatformDependent - Platform: Windows
18:14:44.728 [TestNG-tests-1] DEBUG io.netty.util.internal.PlatformDependent - -Dio.netty.maxDirectMemory: -1 bytes
18:14:44.728 [TestNG-tests-1] DEBUG io.netty.util.internal.PlatformDependent - -Dio.netty.uninitializedArrayAllocationThreshold: -1
18:14:44.730 [TestNG-tests-1] DEBUG io.netty.util.internal.CleanerJava9 - java.nio.ByteBuffer.cleaner(): available
18:14:44.730 [TestNG-tests-1] DEBUG io.netty.util.internal.PlatformDependent - -Dio.netty.noPreferDirect: false
18:14:44.735 [TestNG-tests-1] DEBUG io.netty.util.internal.PlatformDependent - org.jctools-core.MpscChunkedArrayQueue: available
18:14:44.746 [TestNG-tests-1] DEBUG io.netty.util.internal.InternalThreadLocalMap - -Dio.netty.threadLocalMap.stringBuilder.initialSize: 1024
18:14:44.746 [TestNG-tests-1] DEBUG io.netty.util.internal.InternalThreadLocalMap - -Dio.netty.threadLocalMap.stringBuilder.maxSize: 4096
18:14:44.754 [TestNG-tests-1] DEBUG io.netty.handler.ssl.JdkSslContext - Default protocols (JDK): [TLSv1.3, TLSv1.2] 
18:14:44.754 [TestNG-tests-1] DEBUG io.netty.handler.ssl.JdkSslContext - Default cipher suites (JDK): [TLS_ECDHE_ECDSA_WITH_AES_256_GCM_SHA384, TLS_ECDHE_ECDSA_WITH_AES_128_GCM_SHA256, TLS_ECDHE_RSA_WITH_AES_128_GCM_SHA256, TLS_ECDHE_RSA_WITH_AES_256_GCM_SHA384, TLS_ECDHE_RSA_WITH_AES_128_CBC_SHA, TLS_ECDHE_RSA_WITH_AES_256_CBC_SHA, TLS_RSA_WITH_AES_128_GCM_SHA256, TLS_RSA_WITH_AES_128_CBC_SHA, TLS_RSA_WITH_AES_256_CBC_SHA, TLS_AES_128_GCM_SHA256, TLS_AES_256_GCM_SHA384]
18:14:44.769 [TestNG-tests-1] DEBUG io.netty.channel.MultithreadEventLoopGroup - -Dio.netty.eventLoopThreads: 24
18:14:44.776 [TestNG-tests-1] DEBUG io.netty.channel.nio.NioEventLoop - -Dio.netty.noKeySetOptimization: false
18:14:44.776 [TestNG-tests-1] DEBUG io.netty.channel.nio.NioEventLoop - -Dio.netty.selectorAutoRebuildThreshold: 512
18:14:44.817 [TestNG-tests-1] DEBUG io.netty.buffer.PooledByteBufAllocator - -Dio.netty.allocator.numHeapArenas: 24
18:14:44.817 [TestNG-tests-1] DEBUG io.netty.buffer.PooledByteBufAllocator - -Dio.netty.allocator.numDirectArenas: 24
18:14:44.817 [TestNG-tests-1] DEBUG io.netty.buffer.PooledByteBufAllocator - -Dio.netty.allocator.pageSize: 8192
18:14:44.817 [TestNG-tests-1] DEBUG io.netty.buffer.PooledByteBufAllocator - -Dio.netty.allocator.maxOrder: 9
18:14:44.817 [TestNG-tests-1] DEBUG io.netty.buffer.PooledByteBufAllocator - -Dio.netty.allocator.chunkSize: 4194304
18:14:44.817 [TestNG-tests-1] DEBUG io.netty.buffer.PooledByteBufAllocator - -Dio.netty.allocator.smallCacheSize: 256
18:14:44.817 [TestNG-tests-1] DEBUG io.netty.buffer.PooledByteBufAllocator - -Dio.netty.allocator.normalCacheSize: 64
18:14:44.818 [TestNG-tests-1] DEBUG io.netty.buffer.PooledByteBufAllocator - -Dio.netty.allocator.maxCachedBufferCapacity: 32768
18:14:44.818 [TestNG-tests-1] DEBUG io.netty.buffer.PooledByteBufAllocator - -Dio.netty.allocator.cacheTrimInterval: 8192
18:14:44.818 [TestNG-tests-1] DEBUG io.netty.buffer.PooledByteBufAllocator - -Dio.netty.allocator.cacheTrimIntervalMillis: 0
18:14:44.818 [TestNG-tests-1] DEBUG io.netty.buffer.PooledByteBufAllocator - -Dio.netty.allocator.useCacheForAllThreads: false
18:14:44.818 [TestNG-tests-1] DEBUG io.netty.buffer.PooledByteBufAllocator - -Dio.netty.allocator.maxCachedByteBuffersPerChunk: 1023
18:14:44.834 [TestNG-tests-1] DEBUG io.netty.buffer.ByteBufUtil - -Dio.netty.allocator.type: pooled
18:14:44.834 [TestNG-tests-1] DEBUG io.netty.buffer.ByteBufUtil - -Dio.netty.threadLocalDirectBufferSize: 0
18:14:44.834 [TestNG-tests-1] DEBUG io.netty.buffer.ByteBufUtil - -Dio.netty.maxThreadLocalCharBufferSize: 16384
18:14:45.205 [Forwarding newSession on session null to remote] DEBUG io.netty.channel.DefaultChannelId - -Dio.netty.processId: 10016 (auto-detected)
18:14:45.207 [Forwarding newSession on session null to remote] DEBUG io.netty.util.NetUtil - -Djava.net.preferIPv4Stack: false
18:14:45.207 [Forwarding newSession on session null to remote] DEBUG io.netty.util.NetUtil - -Djava.net.preferIPv6Addresses: false
18:14:45.208 [Forwarding newSession on session null to remote] DEBUG io.netty.util.NetUtilInitializations - Loopback interface: loopback_0 (Software Loopback Interface 1, 0:0:0:0:0:0:0:1)
18:14:45.209 [Forwarding newSession on session null to remote] DEBUG io.netty.util.NetUtil - Failed to get SOMAXCONN from sysctl and file \proc\sys\net\core\somaxconn. Default: 200
18:14:45.212 [Forwarding newSession on session null to remote] DEBUG io.netty.channel.DefaultChannelId - -Dio.netty.machineId: f8:54:f6:ff:fe:65:07:29 (auto-detected)
18:14:45.255 [AsyncHttpClient-1-2] DEBUG io.netty.buffer.AbstractByteBuf - -Dio.netty.buffer.checkAccessible: true
18:14:45.255 [AsyncHttpClient-1-2] DEBUG io.netty.buffer.AbstractByteBuf - -Dio.netty.buffer.checkBounds: true
18:14:45.255 [AsyncHttpClient-1-2] DEBUG io.netty.util.ResourceLeakDetectorFactory - Loaded default ResourceLeakDetector: io.netty.util.ResourceLeakDetector@27a6f19d
18:14:45.264 [AsyncHttpClient-1-3] DEBUG org.asynchttpclient.netty.channel.NettyConnectListener - Using new Channel '[id: 0x1ed54e75, L:/127.0.0.1:59205 - R:localhost/127.0.0.1:57479]' for 'POST' to '/session'
18:14:45.265 [AsyncHttpClient-1-2] DEBUG org.asynchttpclient.netty.channel.NettyConnectListener - Using new Channel '[id: 0xdfa82bd9, L:/127.0.0.1:59204 - R:localhost/127.0.0.1:49906]' for 'POST' to '/session'
18:14:45.281 [AsyncHttpClient-1-2] DEBUG io.netty.util.Recycler - -Dio.netty.recycler.maxCapacityPerThread: 4096
18:14:45.281 [AsyncHttpClient-1-2] DEBUG io.netty.util.Recycler - -Dio.netty.recycler.ratio: 8
18:14:45.281 [AsyncHttpClient-1-2] DEBUG io.netty.util.Recycler - -Dio.netty.recycler.chunkSize: 32
18:14:45.281 [AsyncHttpClient-1-2] DEBUG io.netty.util.Recycler - -Dio.netty.recycler.blocking: false
18:14:46.045 [AsyncHttpClient-1-2] DEBUG io.netty.handler.codec.compression.Brotli - brotli4j not in the classpath; Brotli support will be unavailable.
18:14:46.046 [AsyncHttpClient-1-2] DEBUG org.asynchttpclient.netty.handler.HttpHandler - 

Request DefaultHttpRequest(decodeResult: success, version: HTTP/1.1)
POST /session HTTP/1.1
User-Agent: selenium/4.3.0 (java windows)
Content-Length: 575
Content-Type: application/json; charset=utf-8
host: localhost:49906
accept: */*

Response DefaultHttpResponse(decodeResult: success, version: HTTP/1.1)
HTTP/1.1 200 OK
Content-Type: application/json; charset=utf-8
cache-control: no-cache
content-length: 880

18:14:46.046 [AsyncHttpClient-1-3] DEBUG org.asynchttpclient.netty.handler.HttpHandler - 

Request DefaultHttpRequest(decodeResult: success, version: HTTP/1.1)
POST /session HTTP/1.1
User-Agent: selenium/4.3.0 (java windows)
Content-Length: 575
Content-Type: application/json; charset=utf-8
host: localhost:57479
accept: */*

Response DefaultHttpResponse(decodeResult: success, version: HTTP/1.1)
HTTP/1.1 200 OK
Content-Type: application/json; charset=utf-8
cache-control: no-cache
content-length: 882

18:14:46.057 [AsyncHttpClient-1-3] DEBUG org.asynchttpclient.netty.channel.ChannelManager - Adding key: http://localhost:57479 for channel [id: 0x1ed54e75, L:/127.0.0.1:59205 - R:localhost/127.0.0.1:57479]
18:14:46.057 [AsyncHttpClient-1-2] DEBUG org.asynchttpclient.netty.channel.ChannelManager - Adding key: http://localhost:49906 for channel [id: 0xdfa82bd9, L:/127.0.0.1:59204 - R:localhost/127.0.0.1:49906]
18:14:46.158 [AsyncHttpClient-1-4] DEBUG org.asynchttpclient.netty.channel.NettyConnectListener - Using new Channel '[id: 0x93e730b4, L:/127.0.0.1:59219 - R:localhost/127.0.0.1:59206]' for 'GET' to '/json/version'
18:14:46.158 [AsyncHttpClient-1-5] DEBUG org.asynchttpclient.netty.channel.NettyConnectListener - Using new Channel '[id: 0xf6a25087, L:/127.0.0.1:59218 - R:localhost/127.0.0.1:59207]' for 'GET' to '/json/version'
18:14:46.162 [AsyncHttpClient-1-4] DEBUG org.asynchttpclient.netty.handler.HttpHandler - 

Request DefaultFullHttpRequest(decodeResult: success, version: HTTP/1.1, content: EmptyByteBufBE)
GET /json/version HTTP/1.1
User-Agent: selenium/4.3.0 (java windows)
host: localhost:59206
accept: */*

Response DefaultHttpResponse(decodeResult: success, version: HTTP/1.1)
HTTP/1.1 200 OK
Content-Security-Policy: frame-ancestors 'none'
Content-Type: application/json; charset=UTF-8
content-length: 423

18:14:46.162 [AsyncHttpClient-1-4] DEBUG org.asynchttpclient.netty.channel.ChannelManager - Adding key: http://localhost:59206 for channel [id: 0x93e730b4, L:/127.0.0.1:59219 - R:localhost/127.0.0.1:59206]
18:14:46.162 [AsyncHttpClient-1-5] DEBUG org.asynchttpclient.netty.handler.HttpHandler - 

Request DefaultFullHttpRequest(decodeResult: success, version: HTTP/1.1, content: EmptyByteBufBE)
GET /json/version HTTP/1.1
User-Agent: selenium/4.3.0 (java windows)
host: localhost:59207
accept: */*

Response DefaultHttpResponse(decodeResult: success, version: HTTP/1.1)
HTTP/1.1 200 OK
Content-Security-Policy: frame-ancestors 'none'
Content-Type: application/json; charset=UTF-8
content-length: 423

18:14:46.163 [AsyncHttpClient-1-5] DEBUG org.asynchttpclient.netty.channel.ChannelManager - Adding key: http://localhost:59207 for channel [id: 0xf6a25087, L:/127.0.0.1:59218 - R:localhost/127.0.0.1:59207]
18:14:46.171 [TestNG-tests-1] DEBUG io.netty.util.internal.ThreadLocalRandom - -Dio.netty.initialSeedUniquifier: 0xf0cc7ff1356672ec
18:14:46.173 [AsyncHttpClient-1-7] DEBUG org.asynchttpclient.netty.channel.NettyConnectListener - Using new Channel '[id: 0x6d6105e1, L:/127.0.0.1:59220 - R:localhost/127.0.0.1:59206]' for 'GET' to '/devtools/browser/68ad3554-351d-437b-85c7-1153411cf122'
18:14:46.173 [AsyncHttpClient-1-6] DEBUG org.asynchttpclient.netty.channel.NettyConnectListener - Using new Channel '[id: 0x61b52ce0, L:/127.0.0.1:59221 - R:localhost/127.0.0.1:59207]' for 'GET' to '/devtools/browser/c51fcd2a-b0cb-4f75-a16f-91e961e97061'
18:14:46.176 [AsyncHttpClient-1-6] DEBUG org.asynchttpclient.netty.handler.WebSocketHandler - 

Request DefaultFullHttpRequest(decodeResult: success, version: HTTP/1.1, content: EmptyByteBufBE)
GET /devtools/browser/c51fcd2a-b0cb-4f75-a16f-91e961e97061 HTTP/1.1
upgrade: websocket
connection: upgrade
sec-websocket-key: xDU9b9D4YxJi80okOC3h/Q==
sec-websocket-version: 13
origin: http://localhost:59207
host: localhost:59207
accept: */*
user-agent: AHC/2.1

Response DefaultHttpResponse(decodeResult: success, version: HTTP/1.1)
HTTP/1.1 101 WebSocket Protocol Handshake
Upgrade: WebSocket
Connection: Upgrade
Sec-WebSocket-Accept: EI8aoIfyAhTi1aKWSB1YwiTW3tE=

18:14:46.176 [AsyncHttpClient-1-7] DEBUG org.asynchttpclient.netty.handler.WebSocketHandler - 

Request DefaultFullHttpRequest(decodeResult: success, version: HTTP/1.1, content: EmptyByteBufBE)
GET /devtools/browser/68ad3554-351d-437b-85c7-1153411cf122 HTTP/1.1
upgrade: websocket
connection: upgrade
sec-websocket-key: tBu9fTQhFGNji+sN8LUhrA==
sec-websocket-version: 13
origin: http://localhost:59206
host: localhost:59206
accept: */*
user-agent: AHC/2.1

Response DefaultHttpResponse(decodeResult: success, version: HTTP/1.1)
HTTP/1.1 101 WebSocket Protocol Handshake
Upgrade: WebSocket
Connection: Upgrade
Sec-WebSocket-Accept: /y/D0BDa2TlDqZhWDQ+6bwc4pao=

18:14:46.246 [Forwarding get on session 800d1b971b0429289ed19dd7ffdc6bbf to remote] DEBUG org.asynchttpclient.netty.request.NettyRequestSender - Using pooled Channel '[id: 0xdfa82bd9, L:/127.0.0.1:59204 - R:localhost/127.0.0.1:49906]' for 'POST' to 'http://localhost:49906/session/800d1b971b0429289ed19dd7ffdc6bbf/url'
18:14:46.246 [Forwarding get on session fccfb3336c5986f00647472d8a8feab5 to remote] DEBUG org.asynchttpclient.netty.request.NettyRequestSender - Using pooled Channel '[id: 0x1ed54e75, L:/127.0.0.1:59205 - R:localhost/127.0.0.1:57479]' for 'POST' to 'http://localhost:57479/session/fccfb3336c5986f00647472d8a8feab5/url'
18:14:46.246 [Forwarding get on session 800d1b971b0429289ed19dd7ffdc6bbf to remote] DEBUG org.asynchttpclient.netty.request.NettyRequestSender - Using open Channel [id: 0xdfa82bd9, L:/127.0.0.1:59204 - R:localhost/127.0.0.1:49906] for POST '/session/800d1b971b0429289ed19dd7ffdc6bbf/url'
18:14:46.247 [Forwarding get on session fccfb3336c5986f00647472d8a8feab5 to remote] DEBUG org.asynchttpclient.netty.request.NettyRequestSender - Using open Channel [id: 0x1ed54e75, L:/127.0.0.1:59205 - R:localhost/127.0.0.1:57479] for POST '/session/fccfb3336c5986f00647472d8a8feab5/url'
18:14:46.938 [AsyncHttpClient-1-1] DEBUG org.asynchttpclient.netty.channel.DefaultChannelPool - Entry count for : http://localhost:59207 : 1
18:14:46.938 [AsyncHttpClient-1-1] DEBUG org.asynchttpclient.netty.channel.DefaultChannelPool - Entry count for : http://localhost:59206 : 1
18:14:48.040 [AsyncHttpClient-1-1] DEBUG org.asynchttpclient.netty.channel.DefaultChannelPool - Entry count for : http://localhost:59207 : 1
18:14:48.040 [AsyncHttpClient-1-1] DEBUG org.asynchttpclient.netty.channel.DefaultChannelPool - Entry count for : http://localhost:59206 : 1
18:14:49.139 [AsyncHttpClient-1-1] DEBUG org.asynchttpclient.netty.channel.DefaultChannelPool - Entry count for : http://localhost:59207 : 1
18:14:49.139 [AsyncHttpClient-1-1] DEBUG org.asynchttpclient.netty.channel.DefaultChannelPool - Entry count for : http://localhost:59206 : 1
18:14:50.238 [AsyncHttpClient-1-1] DEBUG org.asynchttpclient.netty.channel.DefaultChannelPool - Entry count for : http://localhost:59207 : 1
18:14:50.238 [AsyncHttpClient-1-1] DEBUG org.asynchttpclient.netty.channel.DefaultChannelPool - Entry count for : http://localhost:59206 : 1
18:14:51.343 [AsyncHttpClient-1-1] DEBUG org.asynchttpclient.netty.channel.DefaultChannelPool - Entry count for : http://localhost:59207 : 1
18:14:51.343 [AsyncHttpClient-1-1] DEBUG org.asynchttpclient.netty.channel.DefaultChannelPool - Entry count for : http://localhost:59206 : 1
18:14:52.446 [AsyncHttpClient-1-1] DEBUG org.asynchttpclient.netty.channel.DefaultChannelPool - Entry count for : http://localhost:59207 : 1
18:14:52.446 [AsyncHttpClient-1-1] DEBUG org.asynchttpclient.netty.channel.DefaultChannelPool - Entry count for : http://localhost:59206 : 1
18:14:53.545 [AsyncHttpClient-1-1] DEBUG org.asynchttpclient.netty.channel.DefaultChannelPool - Entry count for : http://localhost:59207 : 1
18:14:53.545 [AsyncHttpClient-1-1] DEBUG org.asynchttpclient.netty.channel.DefaultChannelPool - Entry count for : http://localhost:59206 : 1
18:14:54.638 [AsyncHttpClient-1-1] DEBUG org.asynchttpclient.netty.channel.DefaultChannelPool - Entry count for : http://localhost:59207 : 1
18:14:54.638 [AsyncHttpClient-1-1] DEBUG org.asynchttpclient.netty.channel.DefaultChannelPool - Entry count for : http://localhost:59206 : 1
18:14:55.751 [AsyncHttpClient-1-1] DEBUG org.asynchttpclient.netty.channel.DefaultChannelPool - Entry count for : http://localhost:59207 : 1
18:14:55.752 [AsyncHttpClient-1-1] DEBUG org.asynchttpclient.netty.channel.DefaultChannelPool - Entry count for : http://localhost:59206 : 1
18:14:56.841 [AsyncHttpClient-1-1] DEBUG org.asynchttpclient.netty.channel.DefaultChannelPool - Entry count for : http://localhost:59207 : 1
18:14:56.841 [AsyncHttpClient-1-1] DEBUG org.asynchttpclient.netty.channel.DefaultChannelPool - Entry count for : http://localhost:59206 : 1
18:14:57.950 [AsyncHttpClient-1-1] DEBUG org.asynchttpclient.netty.channel.DefaultChannelPool - Entry count for : http://localhost:59207 : 1
18:14:57.950 [AsyncHttpClient-1-1] DEBUG org.asynchttpclient.netty.channel.DefaultChannelPool - Entry count for : http://localhost:59206 : 1
18:14:59.040 [AsyncHttpClient-1-1] DEBUG org.asynchttpclient.netty.channel.DefaultChannelPool - Entry count for : http://localhost:59207 : 1
18:14:59.040 [AsyncHttpClient-1-1] DEBUG org.asynchttpclient.netty.channel.DefaultChannelPool - Entry count for : http://localhost:59206 : 1
18:15:00.146 [AsyncHttpClient-1-1] DEBUG org.asynchttpclient.netty.channel.DefaultChannelPool - Entry count for : http://localhost:59207 : 1
18:15:00.146 [AsyncHttpClient-1-1] DEBUG org.asynchttpclient.netty.channel.DefaultChannelPool - Entry count for : http://localhost:59206 : 1
18:15:00.676 [AsyncHttpClient-1-3] DEBUG org.asynchttpclient.netty.handler.HttpHandler - 

Request DefaultHttpRequest(decodeResult: success, version: HTTP/1.1)
POST /session/fccfb3336c5986f00647472d8a8feab5/url HTTP/1.1
User-Agent: selenium/4.3.0 (java windows)
Content-Length: 67
Content-Type: application/json; charset=utf-8
host: localhost:57479
accept: */*

Response DefaultHttpResponse(decodeResult: success, version: HTTP/1.1)
HTTP/1.1 200 OK
Content-Type: application/json; charset=utf-8
cache-control: no-cache
content-length: 14

18:15:00.677 [AsyncHttpClient-1-3] DEBUG org.asynchttpclient.netty.channel.ChannelManager - Adding key: http://localhost:57479 for channel [id: 0x1ed54e75, L:/127.0.0.1:59205 - R:localhost/127.0.0.1:57479]
18:15:00.710 [Forwarding findElement on session fccfb3336c5986f00647472d8a8feab5 to remote] DEBUG org.asynchttpclient.netty.request.NettyRequestSender - Using pooled Channel '[id: 0x1ed54e75, L:/127.0.0.1:59205 - R:localhost/127.0.0.1:57479]' for 'POST' to 'http://localhost:57479/session/fccfb3336c5986f00647472d8a8feab5/element'
18:15:00.710 [Forwarding findElement on session fccfb3336c5986f00647472d8a8feab5 to remote] DEBUG org.asynchttpclient.netty.request.NettyRequestSender - Using open Channel [id: 0x1ed54e75, L:/127.0.0.1:59205 - R:localhost/127.0.0.1:57479] for POST '/session/fccfb3336c5986f00647472d8a8feab5/element'
18:15:00.747 [AsyncHttpClient-1-3] DEBUG org.asynchttpclient.netty.handler.HttpHandler - 

Request DefaultHttpRequest(decodeResult: success, version: HTTP/1.1)
POST /session/fccfb3336c5986f00647472d8a8feab5/element HTTP/1.1
User-Agent: selenium/4.3.0 (java windows)
Content-Length: 54
Content-Type: application/json; charset=utf-8
host: localhost:57479
accept: */*

Response DefaultHttpResponse(decodeResult: success, version: HTTP/1.1)
HTTP/1.1 200 OK
Content-Type: application/json; charset=utf-8
cache-control: no-cache
content-length: 125

18:15:00.748 [AsyncHttpClient-1-3] DEBUG org.asynchttpclient.netty.channel.ChannelManager - Adding key: http://localhost:57479 for channel [id: 0x1ed54e75, L:/127.0.0.1:59205 - R:localhost/127.0.0.1:57479]
18:15:00.768 [Forwarding sendKeysToElement on session fccfb3336c5986f00647472d8a8feab5 to remote] DEBUG org.asynchttpclient.netty.request.NettyRequestSender - Using pooled Channel '[id: 0x1ed54e75, L:/127.0.0.1:59205 - R:localhost/127.0.0.1:57479]' for 'POST' to 'http://localhost:57479/session/fccfb3336c5986f00647472d8a8feab5/element/f.B8CEDB883E97897CD7229B90B95A1E4C.d.571A6EDDB5372DFBD229B57B7FA27D3F.e.3/value'
18:15:00.769 [Forwarding sendKeysToElement on session fccfb3336c5986f00647472d8a8feab5 to remote] DEBUG org.asynchttpclient.netty.request.NettyRequestSender - Using open Channel [id: 0x1ed54e75, L:/127.0.0.1:59205 - R:localhost/127.0.0.1:57479] for POST '/session/fccfb3336c5986f00647472d8a8feab5/element/f.B8CEDB883E97897CD7229B90B95A1E4C.d.571A6EDDB5372DFBD229B57B7FA27D3F.e.3/value'
18:15:01.001 [AsyncHttpClient-1-3] DEBUG org.asynchttpclient.netty.handler.HttpHandler - 

Request DefaultHttpRequest(decodeResult: success, version: HTTP/1.1)
POST /session/fccfb3336c5986f00647472d8a8feab5/element/f.B8CEDB883E97897CD7229B90B95A1E4C.d.571A6EDDB5372DFBD229B57B7FA27D3F.e.3/value HTTP/1.1
User-Agent: selenium/4.3.0 (java windows)
Content-Length: 288
Content-Type: application/json; charset=utf-8
host: localhost:57479
accept: */*

Response DefaultHttpResponse(decodeResult: success, version: HTTP/1.1)
HTTP/1.1 200 OK
Content-Type: application/json; charset=utf-8
cache-control: no-cache
content-length: 14

18:15:01.002 [AsyncHttpClient-1-3] DEBUG org.asynchttpclient.netty.channel.ChannelManager - Adding key: http://localhost:57479 for channel [id: 0x1ed54e75, L:/127.0.0.1:59205 - R:localhost/127.0.0.1:57479]
18:15:01.007 [Forwarding findElement on session fccfb3336c5986f00647472d8a8feab5 to remote] DEBUG org.asynchttpclient.netty.request.NettyRequestSender - Using pooled Channel '[id: 0x1ed54e75, L:/127.0.0.1:59205 - R:localhost/127.0.0.1:57479]' for 'POST' to 'http://localhost:57479/session/fccfb3336c5986f00647472d8a8feab5/element'
18:15:01.007 [Forwarding findElement on session fccfb3336c5986f00647472d8a8feab5 to remote] DEBUG org.asynchttpclient.netty.request.NettyRequestSender - Using open Channel [id: 0x1ed54e75, L:/127.0.0.1:59205 - R:localhost/127.0.0.1:57479] for POST '/session/fccfb3336c5986f00647472d8a8feab5/element'
18:15:01.042 [AsyncHttpClient-1-3] DEBUG org.asynchttpclient.netty.handler.HttpHandler - 

Request DefaultHttpRequest(decodeResult: success, version: HTTP/1.1)
POST /session/fccfb3336c5986f00647472d8a8feab5/element HTTP/1.1
User-Agent: selenium/4.3.0 (java windows)
Content-Length: 57
Content-Type: application/json; charset=utf-8
host: localhost:57479
accept: */*

Response DefaultHttpResponse(decodeResult: success, version: HTTP/1.1)
HTTP/1.1 200 OK
Content-Type: application/json; charset=utf-8
cache-control: no-cache
content-length: 125

18:15:01.043 [AsyncHttpClient-1-3] DEBUG org.asynchttpclient.netty.channel.ChannelManager - Adding key: http://localhost:57479 for channel [id: 0x1ed54e75, L:/127.0.0.1:59205 - R:localhost/127.0.0.1:57479]
18:15:01.048 [Forwarding sendKeysToElement on session fccfb3336c5986f00647472d8a8feab5 to remote] DEBUG org.asynchttpclient.netty.request.NettyRequestSender - Using pooled Channel '[id: 0x1ed54e75, L:/127.0.0.1:59205 - R:localhost/127.0.0.1:57479]' for 'POST' to 'http://localhost:57479/session/fccfb3336c5986f00647472d8a8feab5/element/f.B8CEDB883E97897CD7229B90B95A1E4C.d.571A6EDDB5372DFBD229B57B7FA27D3F.e.2/value'
18:15:01.049 [Forwarding sendKeysToElement on session fccfb3336c5986f00647472d8a8feab5 to remote] DEBUG org.asynchttpclient.netty.request.NettyRequestSender - Using open Channel [id: 0x1ed54e75, L:/127.0.0.1:59205 - R:localhost/127.0.0.1:57479] for POST '/session/fccfb3336c5986f00647472d8a8feab5/element/f.B8CEDB883E97897CD7229B90B95A1E4C.d.571A6EDDB5372DFBD229B57B7FA27D3F.e.2/value'
18:15:01.231 [AsyncHttpClient-1-3] DEBUG org.asynchttpclient.netty.handler.HttpHandler - 

Request DefaultHttpRequest(decodeResult: success, version: HTTP/1.1)
POST /session/fccfb3336c5986f00647472d8a8feab5/element/f.B8CEDB883E97897CD7229B90B95A1E4C.d.571A6EDDB5372DFBD229B57B7FA27D3F.e.2/value HTTP/1.1
User-Agent: selenium/4.3.0 (java windows)
Content-Length: 228
Content-Type: application/json; charset=utf-8
host: localhost:57479
accept: */*

Response DefaultHttpResponse(decodeResult: success, version: HTTP/1.1)
HTTP/1.1 200 OK
Content-Type: application/json; charset=utf-8
cache-control: no-cache
content-length: 14

18:15:01.232 [AsyncHttpClient-1-3] DEBUG org.asynchttpclient.netty.channel.ChannelManager - Adding key: http://localhost:57479 for channel [id: 0x1ed54e75, L:/127.0.0.1:59205 - R:localhost/127.0.0.1:57479]
18:15:01.237 [Forwarding findElement on session fccfb3336c5986f00647472d8a8feab5 to remote] DEBUG org.asynchttpclient.netty.request.NettyRequestSender - Using pooled Channel '[id: 0x1ed54e75, L:/127.0.0.1:59205 - R:localhost/127.0.0.1:57479]' for 'POST' to 'http://localhost:57479/session/fccfb3336c5986f00647472d8a8feab5/element'
18:15:01.238 [Forwarding findElement on session fccfb3336c5986f00647472d8a8feab5 to remote] DEBUG org.asynchttpclient.netty.request.NettyRequestSender - Using open Channel [id: 0x1ed54e75, L:/127.0.0.1:59205 - R:localhost/127.0.0.1:57479] for POST '/session/fccfb3336c5986f00647472d8a8feab5/element'
18:15:01.239 [AsyncHttpClient-1-1] DEBUG org.asynchttpclient.netty.channel.DefaultChannelPool - Entry count for : http://localhost:59207 : 1
18:15:01.240 [AsyncHttpClient-1-1] DEBUG org.asynchttpclient.netty.channel.DefaultChannelPool - Entry count for : http://localhost:59206 : 1
18:15:01.275 [AsyncHttpClient-1-3] DEBUG org.asynchttpclient.netty.handler.HttpHandler - 

Request DefaultHttpRequest(decodeResult: success, version: HTTP/1.1)
POST /session/fccfb3336c5986f00647472d8a8feab5/element HTTP/1.1
User-Agent: selenium/4.3.0 (java windows)
Content-Length: 50
Content-Type: application/json; charset=utf-8
host: localhost:57479
accept: */*

Response DefaultHttpResponse(decodeResult: success, version: HTTP/1.1)
HTTP/1.1 200 OK
Content-Type: application/json; charset=utf-8
cache-control: no-cache
content-length: 125

18:15:01.276 [AsyncHttpClient-1-3] DEBUG org.asynchttpclient.netty.channel.ChannelManager - Adding key: http://localhost:57479 for channel [id: 0x1ed54e75, L:/127.0.0.1:59205 - R:localhost/127.0.0.1:57479]
18:15:01.285 [Forwarding clickElement on session fccfb3336c5986f00647472d8a8feab5 to remote] DEBUG org.asynchttpclient.netty.request.NettyRequestSender - Using pooled Channel '[id: 0x1ed54e75, L:/127.0.0.1:59205 - R:localhost/127.0.0.1:57479]' for 'POST' to 'http://localhost:57479/session/fccfb3336c5986f00647472d8a8feab5/element/f.B8CEDB883E97897CD7229B90B95A1E4C.d.571A6EDDB5372DFBD229B57B7FA27D3F.e.5/click'
18:15:01.285 [Forwarding clickElement on session fccfb3336c5986f00647472d8a8feab5 to remote] DEBUG org.asynchttpclient.netty.request.NettyRequestSender - Using open Channel [id: 0x1ed54e75, L:/127.0.0.1:59205 - R:localhost/127.0.0.1:57479] for POST '/session/fccfb3336c5986f00647472d8a8feab5/element/f.B8CEDB883E97897CD7229B90B95A1E4C.d.571A6EDDB5372DFBD229B57B7FA27D3F.e.5/click'
18:15:01.451 [AsyncHttpClient-1-3] DEBUG org.asynchttpclient.netty.handler.HttpHandler - 

Request DefaultHttpRequest(decodeResult: success, version: HTTP/1.1)
POST /session/fccfb3336c5986f00647472d8a8feab5/element/f.B8CEDB883E97897CD7229B90B95A1E4C.d.571A6EDDB5372DFBD229B57B7FA27D3F.e.5/click HTTP/1.1
User-Agent: selenium/4.3.0 (java windows)
Content-Length: 87
Content-Type: application/json; charset=utf-8
host: localhost:57479
accept: */*

Response DefaultHttpResponse(decodeResult: success, version: HTTP/1.1)
HTTP/1.1 200 OK
Content-Type: application/json; charset=utf-8
cache-control: no-cache
content-length: 14

18:15:01.452 [AsyncHttpClient-1-3] DEBUG org.asynchttpclient.netty.channel.ChannelManager - Adding key: http://localhost:57479 for channel [id: 0x1ed54e75, L:/127.0.0.1:59205 - R:localhost/127.0.0.1:57479]
18:15:01.487 [Forwarding findElement on session fccfb3336c5986f00647472d8a8feab5 to remote] DEBUG org.asynchttpclient.netty.request.NettyRequestSender - Using pooled Channel '[id: 0x1ed54e75, L:/127.0.0.1:59205 - R:localhost/127.0.0.1:57479]' for 'POST' to 'http://localhost:57479/session/fccfb3336c5986f00647472d8a8feab5/element'
18:15:01.487 [Forwarding findElement on session fccfb3336c5986f00647472d8a8feab5 to remote] DEBUG org.asynchttpclient.netty.request.NettyRequestSender - Using open Channel [id: 0x1ed54e75, L:/127.0.0.1:59205 - R:localhost/127.0.0.1:57479] for POST '/session/fccfb3336c5986f00647472d8a8feab5/element'
18:15:01.529 [AsyncHttpClient-1-3] DEBUG org.asynchttpclient.netty.handler.HttpHandler - 

Request DefaultHttpRequest(decodeResult: success, version: HTTP/1.1)
POST /session/fccfb3336c5986f00647472d8a8feab5/element HTTP/1.1
User-Agent: selenium/4.3.0 (java windows)
Content-Length: 49
Content-Type: application/json; charset=utf-8
host: localhost:57479
accept: */*

Response DefaultHttpResponse(decodeResult: success, version: HTTP/1.1)
HTTP/1.1 404 Not Found
Content-Type: application/json; charset=utf-8
cache-control: no-cache
content-length: 1045

18:15:01.531 [AsyncHttpClient-1-3] DEBUG org.asynchttpclient.netty.channel.ChannelManager - Adding key: http://localhost:57479 for channel [id: 0x1ed54e75, L:/127.0.0.1:59205 - R:localhost/127.0.0.1:57479]
18:15:02.068 [Forwarding findElement on session fccfb3336c5986f00647472d8a8feab5 to remote] DEBUG org.asynchttpclient.netty.request.NettyRequestSender - Using pooled Channel '[id: 0x1ed54e75, L:/127.0.0.1:59205 - R:localhost/127.0.0.1:57479]' for 'POST' to 'http://localhost:57479/session/fccfb3336c5986f00647472d8a8feab5/element'
18:15:02.068 [Forwarding findElement on session fccfb3336c5986f00647472d8a8feab5 to remote] DEBUG org.asynchttpclient.netty.request.NettyRequestSender - Using open Channel [id: 0x1ed54e75, L:/127.0.0.1:59205 - R:localhost/127.0.0.1:57479] for POST '/session/fccfb3336c5986f00647472d8a8feab5/element'
18:15:02.088 [AsyncHttpClient-1-3] DEBUG org.asynchttpclient.netty.handler.HttpHandler - 

Request DefaultHttpRequest(decodeResult: success, version: HTTP/1.1)
POST /session/fccfb3336c5986f00647472d8a8feab5/element HTTP/1.1
User-Agent: selenium/4.3.0 (java windows)
Content-Length: 49
Content-Type: application/json; charset=utf-8
host: localhost:57479
accept: */*

Response DefaultHttpResponse(decodeResult: success, version: HTTP/1.1)
HTTP/1.1 200 OK
Content-Type: application/json; charset=utf-8
cache-control: no-cache
content-length: 126

18:15:02.088 [AsyncHttpClient-1-3] DEBUG org.asynchttpclient.netty.channel.ChannelManager - Adding key: http://localhost:57479 for channel [id: 0x1ed54e75, L:/127.0.0.1:59205 - R:localhost/127.0.0.1:57479]
18:15:02.117 [Forwarding isElementDisplayed on session fccfb3336c5986f00647472d8a8feab5 to remote] DEBUG org.asynchttpclient.netty.request.NettyRequestSender - Using pooled Channel '[id: 0x1ed54e75, L:/127.0.0.1:59205 - R:localhost/127.0.0.1:57479]' for 'POST' to 'http://localhost:57479/session/fccfb3336c5986f00647472d8a8feab5/execute/sync'
18:15:02.118 [Forwarding isElementDisplayed on session fccfb3336c5986f00647472d8a8feab5 to remote] DEBUG org.asynchttpclient.netty.request.NettyRequestSender - Using open Channel [id: 0x1ed54e75, L:/127.0.0.1:59205 - R:localhost/127.0.0.1:57479] for POST '/session/fccfb3336c5986f00647472d8a8feab5/execute/sync'
18:15:02.170 [AsyncHttpClient-1-3] DEBUG org.asynchttpclient.netty.handler.HttpHandler - 

Request DefaultHttpRequest(decodeResult: success, version: HTTP/1.1)
POST /session/fccfb3336c5986f00647472d8a8feab5/execute/sync HTTP/1.1
User-Agent: selenium/4.3.0 (java windows)
Content-Length: 48818
Content-Type: application/json; charset=utf-8
host: localhost:57479
accept: */*

Response DefaultHttpResponse(decodeResult: success, version: HTTP/1.1)
HTTP/1.1 200 OK
Content-Type: application/json; charset=utf-8
cache-control: no-cache
content-length: 14

18:15:02.171 [AsyncHttpClient-1-3] DEBUG org.asynchttpclient.netty.channel.ChannelManager - Adding key: http://localhost:57479 for channel [id: 0x1ed54e75, L:/127.0.0.1:59205 - R:localhost/127.0.0.1:57479]
18:15:02.177 [Forwarding findElements on session fccfb3336c5986f00647472d8a8feab5 to remote] DEBUG org.asynchttpclient.netty.request.NettyRequestSender - Using pooled Channel '[id: 0x1ed54e75, L:/127.0.0.1:59205 - R:localhost/127.0.0.1:57479]' for 'POST' to 'http://localhost:57479/session/fccfb3336c5986f00647472d8a8feab5/elements'
18:15:02.178 [Forwarding findElements on session fccfb3336c5986f00647472d8a8feab5 to remote] DEBUG org.asynchttpclient.netty.request.NettyRequestSender - Using open Channel [id: 0x1ed54e75, L:/127.0.0.1:59205 - R:localhost/127.0.0.1:57479] for POST '/session/fccfb3336c5986f00647472d8a8feab5/elements'
18:15:02.221 [AsyncHttpClient-1-3] DEBUG org.asynchttpclient.netty.handler.HttpHandler - 

Request DefaultHttpRequest(decodeResult: success, version: HTTP/1.1)
POST /session/fccfb3336c5986f00647472d8a8feab5/elements HTTP/1.1
User-Agent: selenium/4.3.0 (java windows)
Content-Length: 49
Content-Type: application/json; charset=utf-8
host: localhost:57479
accept: */*

Response DefaultHttpResponse(decodeResult: success, version: HTTP/1.1)
HTTP/1.1 200 OK
Content-Type: application/json; charset=utf-8
cache-control: no-cache
content-length: 362

18:15:02.222 [AsyncHttpClient-1-3] DEBUG org.asynchttpclient.netty.channel.ChannelManager - Adding key: http://localhost:57479 for channel [id: 0x1ed54e75, L:/127.0.0.1:59205 - R:localhost/127.0.0.1:57479]
18:15:02.234 [Forwarding findChildElement on session fccfb3336c5986f00647472d8a8feab5 to remote] DEBUG org.asynchttpclient.netty.request.NettyRequestSender - Using pooled Channel '[id: 0x1ed54e75, L:/127.0.0.1:59205 - R:localhost/127.0.0.1:57479]' for 'POST' to 'http://localhost:57479/session/fccfb3336c5986f00647472d8a8feab5/element/f.B8CEDB883E97897CD7229B90B95A1E4C.d.571A6EDDB5372DFBD229B57B7FA27D3F.e.64/element'
18:15:02.234 [Forwarding findChildElement on session fccfb3336c5986f00647472d8a8feab5 to remote] DEBUG org.asynchttpclient.netty.request.NettyRequestSender - Using open Channel [id: 0x1ed54e75, L:/127.0.0.1:59205 - R:localhost/127.0.0.1:57479] for POST '/session/fccfb3336c5986f00647472d8a8feab5/element/f.B8CEDB883E97897CD7229B90B95A1E4C.d.571A6EDDB5372DFBD229B57B7FA27D3F.e.64/element'
18:15:02.258 [AsyncHttpClient-1-3] DEBUG org.asynchttpclient.netty.handler.HttpHandler - 

Request DefaultHttpRequest(decodeResult: success, version: HTTP/1.1)
POST /session/fccfb3336c5986f00647472d8a8feab5/element/f.B8CEDB883E97897CD7229B90B95A1E4C.d.571A6EDDB5372DFBD229B57B7FA27D3F.e.64/element HTTP/1.1
User-Agent: selenium/4.3.0 (java windows)
Content-Length: 131
Content-Type: application/json; charset=utf-8
host: localhost:57479
accept: */*

Response DefaultHttpResponse(decodeResult: success, version: HTTP/1.1)
HTTP/1.1 200 OK
Content-Type: application/json; charset=utf-8
cache-control: no-cache
content-length: 126

18:15:02.258 [AsyncHttpClient-1-3] DEBUG org.asynchttpclient.netty.channel.ChannelManager - Adding key: http://localhost:57479 for channel [id: 0x1ed54e75, L:/127.0.0.1:59205 - R:localhost/127.0.0.1:57479]
18:15:02.262 [Forwarding getElementText on session fccfb3336c5986f00647472d8a8feab5 to remote] DEBUG org.asynchttpclient.netty.request.NettyRequestSender - Using pooled Channel '[id: 0x1ed54e75, L:/127.0.0.1:59205 - R:localhost/127.0.0.1:57479]' for 'GET' to 'http://localhost:57479/session/fccfb3336c5986f00647472d8a8feab5/element/f.B8CEDB883E97897CD7229B90B95A1E4C.d.571A6EDDB5372DFBD229B57B7FA27D3F.e.67/text'
18:15:02.262 [Forwarding getElementText on session fccfb3336c5986f00647472d8a8feab5 to remote] DEBUG org.asynchttpclient.netty.request.NettyRequestSender - Using open Channel [id: 0x1ed54e75, L:/127.0.0.1:59205 - R:localhost/127.0.0.1:57479] for GET '/session/fccfb3336c5986f00647472d8a8feab5/element/f.B8CEDB883E97897CD7229B90B95A1E4C.d.571A6EDDB5372DFBD229B57B7FA27D3F.e.67/text'
18:15:02.307 [AsyncHttpClient-1-3] DEBUG org.asynchttpclient.netty.handler.HttpHandler - 

Request DefaultFullHttpRequest(decodeResult: success, version: HTTP/1.1, content: EmptyByteBufBE)
GET /session/fccfb3336c5986f00647472d8a8feab5/element/f.B8CEDB883E97897CD7229B90B95A1E4C.d.571A6EDDB5372DFBD229B57B7FA27D3F.e.67/text HTTP/1.1
User-Agent: selenium/4.3.0 (java windows)
Cache-Control: no-cache
Content-Type: application/json; charset=utf-8
host: localhost:57479
accept: */*

Response DefaultHttpResponse(decodeResult: success, version: HTTP/1.1)
HTTP/1.1 200 OK
Content-Type: application/json; charset=utf-8
cache-control: no-cache
content-length: 23

18:15:02.307 [AsyncHttpClient-1-3] DEBUG org.asynchttpclient.netty.channel.ChannelManager - Adding key: http://localhost:57479 for channel [id: 0x1ed54e75, L:/127.0.0.1:59205 - R:localhost/127.0.0.1:57479]
18:15:02.310 [Forwarding findChildElement on session fccfb3336c5986f00647472d8a8feab5 to remote] DEBUG org.asynchttpclient.netty.request.NettyRequestSender - Using pooled Channel '[id: 0x1ed54e75, L:/127.0.0.1:59205 - R:localhost/127.0.0.1:57479]' for 'POST' to 'http://localhost:57479/session/fccfb3336c5986f00647472d8a8feab5/element/f.B8CEDB883E97897CD7229B90B95A1E4C.d.571A6EDDB5372DFBD229B57B7FA27D3F.e.64/element'
18:15:02.310 [Forwarding findChildElement on session fccfb3336c5986f00647472d8a8feab5 to remote] DEBUG org.asynchttpclient.netty.request.NettyRequestSender - Using open Channel [id: 0x1ed54e75, L:/127.0.0.1:59205 - R:localhost/127.0.0.1:57479] for POST '/session/fccfb3336c5986f00647472d8a8feab5/element/f.B8CEDB883E97897CD7229B90B95A1E4C.d.571A6EDDB5372DFBD229B57B7FA27D3F.e.64/element'
18:15:02.339 [AsyncHttpClient-1-1] DEBUG org.asynchttpclient.netty.channel.DefaultChannelPool - Entry count for : http://localhost:59207 : 1
18:15:02.339 [AsyncHttpClient-1-1] DEBUG org.asynchttpclient.netty.channel.DefaultChannelPool - Entry count for : http://localhost:59206 : 1
18:15:02.339 [AsyncHttpClient-1-3] DEBUG org.asynchttpclient.netty.handler.HttpHandler - 

Request DefaultHttpRequest(decodeResult: success, version: HTTP/1.1)
POST /session/fccfb3336c5986f00647472d8a8feab5/element/f.B8CEDB883E97897CD7229B90B95A1E4C.d.571A6EDDB5372DFBD229B57B7FA27D3F.e.64/element HTTP/1.1
User-Agent: selenium/4.3.0 (java windows)
Content-Length: 160
Content-Type: application/json; charset=utf-8
host: localhost:57479
accept: */*

Response DefaultHttpResponse(decodeResult: success, version: HTTP/1.1)
HTTP/1.1 200 OK
Content-Type: application/json; charset=utf-8
cache-control: no-cache
content-length: 126

18:15:02.339 [AsyncHttpClient-1-3] DEBUG org.asynchttpclient.netty.channel.ChannelManager - Adding key: http://localhost:57479 for channel [id: 0x1ed54e75, L:/127.0.0.1:59205 - R:localhost/127.0.0.1:57479]
18:15:02.343 [Forwarding clickElement on session fccfb3336c5986f00647472d8a8feab5 to remote] DEBUG org.asynchttpclient.netty.request.NettyRequestSender - Using pooled Channel '[id: 0x1ed54e75, L:/127.0.0.1:59205 - R:localhost/127.0.0.1:57479]' for 'POST' to 'http://localhost:57479/session/fccfb3336c5986f00647472d8a8feab5/element/f.B8CEDB883E97897CD7229B90B95A1E4C.d.571A6EDDB5372DFBD229B57B7FA27D3F.e.68/click'
18:15:02.343 [Forwarding clickElement on session fccfb3336c5986f00647472d8a8feab5 to remote] DEBUG org.asynchttpclient.netty.request.NettyRequestSender - Using open Channel [id: 0x1ed54e75, L:/127.0.0.1:59205 - R:localhost/127.0.0.1:57479] for POST '/session/fccfb3336c5986f00647472d8a8feab5/element/f.B8CEDB883E97897CD7229B90B95A1E4C.d.571A6EDDB5372DFBD229B57B7FA27D3F.e.68/click'
18:15:02.435 [AsyncHttpClient-1-3] DEBUG org.asynchttpclient.netty.handler.HttpHandler - 

Request DefaultHttpRequest(decodeResult: success, version: HTTP/1.1)
POST /session/fccfb3336c5986f00647472d8a8feab5/element/f.B8CEDB883E97897CD7229B90B95A1E4C.d.571A6EDDB5372DFBD229B57B7FA27D3F.e.68/click HTTP/1.1
User-Agent: selenium/4.3.0 (java windows)
Content-Length: 88
Content-Type: application/json; charset=utf-8
host: localhost:57479
accept: */*

Response DefaultHttpResponse(decodeResult: success, version: HTTP/1.1)
HTTP/1.1 200 OK
Content-Type: application/json; charset=utf-8
cache-control: no-cache
content-length: 14

18:15:02.436 [AsyncHttpClient-1-3] DEBUG org.asynchttpclient.netty.channel.ChannelManager - Adding key: http://localhost:57479 for channel [id: 0x1ed54e75, L:/127.0.0.1:59205 - R:localhost/127.0.0.1:57479]
18:15:02.438 [Forwarding findElement on session fccfb3336c5986f00647472d8a8feab5 to remote] DEBUG org.asynchttpclient.netty.request.NettyRequestSender - Using pooled Channel '[id: 0x1ed54e75, L:/127.0.0.1:59205 - R:localhost/127.0.0.1:57479]' for 'POST' to 'http://localhost:57479/session/fccfb3336c5986f00647472d8a8feab5/element'
18:15:02.438 [Forwarding findElement on session fccfb3336c5986f00647472d8a8feab5 to remote] DEBUG org.asynchttpclient.netty.request.NettyRequestSender - Using open Channel [id: 0x1ed54e75, L:/127.0.0.1:59205 - R:localhost/127.0.0.1:57479] for POST '/session/fccfb3336c5986f00647472d8a8feab5/element'
18:15:02.468 [AsyncHttpClient-1-3] DEBUG org.asynchttpclient.netty.handler.HttpHandler - 

Request DefaultHttpRequest(decodeResult: success, version: HTTP/1.1)
POST /session/fccfb3336c5986f00647472d8a8feab5/element HTTP/1.1
User-Agent: selenium/4.3.0 (java windows)
Content-Length: 60
Content-Type: application/json; charset=utf-8
host: localhost:57479
accept: */*

Response DefaultHttpResponse(decodeResult: success, version: HTTP/1.1)
HTTP/1.1 200 OK
Content-Type: application/json; charset=utf-8
cache-control: no-cache
content-length: 126

18:15:02.469 [AsyncHttpClient-1-3] DEBUG org.asynchttpclient.netty.channel.ChannelManager - Adding key: http://localhost:57479 for channel [id: 0x1ed54e75, L:/127.0.0.1:59205 - R:localhost/127.0.0.1:57479]
18:15:02.481 [Forwarding isElementDisplayed on session fccfb3336c5986f00647472d8a8feab5 to remote] DEBUG org.asynchttpclient.netty.request.NettyRequestSender - Using pooled Channel '[id: 0x1ed54e75, L:/127.0.0.1:59205 - R:localhost/127.0.0.1:57479]' for 'POST' to 'http://localhost:57479/session/fccfb3336c5986f00647472d8a8feab5/execute/sync'
18:15:02.482 [Forwarding isElementDisplayed on session fccfb3336c5986f00647472d8a8feab5 to remote] DEBUG org.asynchttpclient.netty.request.NettyRequestSender - Using open Channel [id: 0x1ed54e75, L:/127.0.0.1:59205 - R:localhost/127.0.0.1:57479] for POST '/session/fccfb3336c5986f00647472d8a8feab5/execute/sync'
18:15:02.517 [AsyncHttpClient-1-3] DEBUG org.asynchttpclient.netty.handler.HttpHandler - 

Request DefaultHttpRequest(decodeResult: success, version: HTTP/1.1)
POST /session/fccfb3336c5986f00647472d8a8feab5/execute/sync HTTP/1.1
User-Agent: selenium/4.3.0 (java windows)
Content-Length: 48818
Content-Type: application/json; charset=utf-8
host: localhost:57479
accept: */*

Response DefaultHttpResponse(decodeResult: success, version: HTTP/1.1)
HTTP/1.1 200 OK
Content-Type: application/json; charset=utf-8
cache-control: no-cache
content-length: 14

18:15:02.518 [AsyncHttpClient-1-3] DEBUG org.asynchttpclient.netty.channel.ChannelManager - Adding key: http://localhost:57479 for channel [id: 0x1ed54e75, L:/127.0.0.1:59205 - R:localhost/127.0.0.1:57479]
18:15:03.438 [AsyncHttpClient-1-1] DEBUG org.asynchttpclient.netty.channel.DefaultChannelPool - Entry count for : http://localhost:57479 : 1
18:15:03.438 [AsyncHttpClient-1-1] DEBUG org.asynchttpclient.netty.channel.DefaultChannelPool - Entry count for : http://localhost:59207 : 1
18:15:03.438 [AsyncHttpClient-1-1] DEBUG org.asynchttpclient.netty.channel.DefaultChannelPool - Entry count for : http://localhost:59206 : 1
18:15:04.526 [Forwarding findElement on session fccfb3336c5986f00647472d8a8feab5 to remote] DEBUG org.asynchttpclient.netty.request.NettyRequestSender - Using pooled Channel '[id: 0x1ed54e75, L:/127.0.0.1:59205 - R:localhost/127.0.0.1:57479]' for 'POST' to 'http://localhost:57479/session/fccfb3336c5986f00647472d8a8feab5/element'
18:15:04.527 [Forwarding findElement on session fccfb3336c5986f00647472d8a8feab5 to remote] DEBUG org.asynchttpclient.netty.request.NettyRequestSender - Using open Channel [id: 0x1ed54e75, L:/127.0.0.1:59205 - R:localhost/127.0.0.1:57479] for POST '/session/fccfb3336c5986f00647472d8a8feab5/element'
18:15:04.540 [AsyncHttpClient-1-1] DEBUG org.asynchttpclient.netty.channel.DefaultChannelPool - Entry count for : http://localhost:59207 : 1
18:15:04.540 [AsyncHttpClient-1-1] DEBUG org.asynchttpclient.netty.channel.DefaultChannelPool - Entry count for : http://localhost:59206 : 1
18:15:04.561 [AsyncHttpClient-1-3] DEBUG org.asynchttpclient.netty.handler.HttpHandler - 

Request DefaultHttpRequest(decodeResult: success, version: HTTP/1.1)
POST /session/fccfb3336c5986f00647472d8a8feab5/element HTTP/1.1
User-Agent: selenium/4.3.0 (java windows)
Content-Length: 64
Content-Type: application/json; charset=utf-8
host: localhost:57479
accept: */*

Response DefaultHttpResponse(decodeResult: success, version: HTTP/1.1)
HTTP/1.1 200 OK
Content-Type: application/json; charset=utf-8
cache-control: no-cache
content-length: 126

18:15:04.562 [AsyncHttpClient-1-3] DEBUG org.asynchttpclient.netty.channel.ChannelManager - Adding key: http://localhost:57479 for channel [id: 0x1ed54e75, L:/127.0.0.1:59205 - R:localhost/127.0.0.1:57479]
18:15:04.568 [Forwarding clickElement on session fccfb3336c5986f00647472d8a8feab5 to remote] DEBUG org.asynchttpclient.netty.request.NettyRequestSender - Using pooled Channel '[id: 0x1ed54e75, L:/127.0.0.1:59205 - R:localhost/127.0.0.1:57479]' for 'POST' to 'http://localhost:57479/session/fccfb3336c5986f00647472d8a8feab5/element/f.B8CEDB883E97897CD7229B90B95A1E4C.d.571A6EDDB5372DFBD229B57B7FA27D3F.e.70/click'
18:15:04.568 [Forwarding clickElement on session fccfb3336c5986f00647472d8a8feab5 to remote] DEBUG org.asynchttpclient.netty.request.NettyRequestSender - Using open Channel [id: 0x1ed54e75, L:/127.0.0.1:59205 - R:localhost/127.0.0.1:57479] for POST '/session/fccfb3336c5986f00647472d8a8feab5/element/f.B8CEDB883E97897CD7229B90B95A1E4C.d.571A6EDDB5372DFBD229B57B7FA27D3F.e.70/click'
18:15:05.640 [AsyncHttpClient-1-1] DEBUG org.asynchttpclient.netty.channel.DefaultChannelPool - Entry count for : http://localhost:59207 : 1
18:15:05.640 [AsyncHttpClient-1-1] DEBUG org.asynchttpclient.netty.channel.DefaultChannelPool - Entry count for : http://localhost:59206 : 1
18:15:05.781 [AsyncHttpClient-1-3] DEBUG org.asynchttpclient.netty.handler.HttpHandler - 

Request DefaultHttpRequest(decodeResult: success, version: HTTP/1.1)
POST /session/fccfb3336c5986f00647472d8a8feab5/element/f.B8CEDB883E97897CD7229B90B95A1E4C.d.571A6EDDB5372DFBD229B57B7FA27D3F.e.70/click HTTP/1.1
User-Agent: selenium/4.3.0 (java windows)
Content-Length: 88
Content-Type: application/json; charset=utf-8
host: localhost:57479
accept: */*

Response DefaultHttpResponse(decodeResult: success, version: HTTP/1.1)
HTTP/1.1 400 Bad Request
Content-Type: application/json; charset=utf-8
cache-control: no-cache
content-length: 1605

18:15:05.783 [AsyncHttpClient-1-3] DEBUG org.asynchttpclient.netty.channel.ChannelManager - Adding key: http://localhost:57479 for channel [id: 0x1ed54e75, L:/127.0.0.1:59205 - R:localhost/127.0.0.1:57479]
18:15:06.752 [AsyncHttpClient-1-1] DEBUG org.asynchttpclient.netty.channel.DefaultChannelPool - Entry count for : http://localhost:57479 : 1
18:15:06.752 [AsyncHttpClient-1-1] DEBUG org.asynchttpclient.netty.channel.DefaultChannelPool - Entry count for : http://localhost:59207 : 1
18:15:06.752 [AsyncHttpClient-1-1] DEBUG org.asynchttpclient.netty.channel.DefaultChannelPool - Entry count for : http://localhost:59206 : 1
18:15:07.846 [AsyncHttpClient-1-1] DEBUG org.asynchttpclient.netty.channel.DefaultChannelPool - Entry count for : http://localhost:57479 : 1
18:15:07.846 [AsyncHttpClient-1-1] DEBUG org.asynchttpclient.netty.channel.DefaultChannelPool - Entry count for : http://localhost:59207 : 1
18:15:07.846 [AsyncHttpClient-1-1] DEBUG org.asynchttpclient.netty.channel.DefaultChannelPool - Entry count for : http://localhost:59206 : 1
18:15:08.939 [AsyncHttpClient-1-1] DEBUG org.asynchttpclient.netty.channel.DefaultChannelPool - Entry count for : http://localhost:57479 : 1
18:15:08.939 [AsyncHttpClient-1-1] DEBUG org.asynchttpclient.netty.channel.DefaultChannelPool - Entry count for : http://localhost:59207 : 1
18:15:08.939 [AsyncHttpClient-1-1] DEBUG org.asynchttpclient.netty.channel.DefaultChannelPool - Entry count for : http://localhost:59206 : 1
18:15:10.044 [AsyncHttpClient-1-1] DEBUG org.asynchttpclient.netty.channel.DefaultChannelPool - Entry count for : http://localhost:57479 : 1
18:15:10.044 [AsyncHttpClient-1-1] DEBUG org.asynchttpclient.netty.channel.DefaultChannelPool - Entry count for : http://localhost:59207 : 1
18:15:10.044 [AsyncHttpClient-1-1] DEBUG org.asynchttpclient.netty.channel.DefaultChannelPool - Entry count for : http://localhost:59206 : 1
18:15:11.145 [AsyncHttpClient-1-1] DEBUG org.asynchttpclient.netty.channel.DefaultChannelPool - Entry count for : http://localhost:57479 : 1
18:15:11.145 [AsyncHttpClient-1-1] DEBUG org.asynchttpclient.netty.channel.DefaultChannelPool - Entry count for : http://localhost:59207 : 1
18:15:11.145 [AsyncHttpClient-1-1] DEBUG org.asynchttpclient.netty.channel.DefaultChannelPool - Entry count for : http://localhost:59206 : 1
18:15:12.246 [AsyncHttpClient-1-1] DEBUG org.asynchttpclient.netty.channel.DefaultChannelPool - Entry count for : http://localhost:57479 : 1
18:15:12.246 [AsyncHttpClient-1-1] DEBUG org.asynchttpclient.netty.channel.DefaultChannelPool - Entry count for : http://localhost:59207 : 1
18:15:12.246 [AsyncHttpClient-1-1] DEBUG org.asynchttpclient.netty.channel.DefaultChannelPool - Entry count for : http://localhost:59206 : 1
18:15:13.348 [AsyncHttpClient-1-1] DEBUG org.asynchttpclient.netty.channel.DefaultChannelPool - Entry count for : http://localhost:57479 : 1
18:15:13.348 [AsyncHttpClient-1-1] DEBUG org.asynchttpclient.netty.channel.DefaultChannelPool - Entry count for : http://localhost:59207 : 1
18:15:13.348 [AsyncHttpClient-1-1] DEBUG org.asynchttpclient.netty.channel.DefaultChannelPool - Entry count for : http://localhost:59206 : 1
18:15:14.450 [AsyncHttpClient-1-1] DEBUG org.asynchttpclient.netty.channel.DefaultChannelPool - Entry count for : http://localhost:57479 : 1
18:15:14.450 [AsyncHttpClient-1-1] DEBUG org.asynchttpclient.netty.channel.DefaultChannelPool - Entry count for : http://localhost:59207 : 1
18:15:14.450 [AsyncHttpClient-1-1] DEBUG org.asynchttpclient.netty.channel.DefaultChannelPool - Entry count for : http://localhost:59206 : 1
18:15:15.553 [AsyncHttpClient-1-1] DEBUG org.asynchttpclient.netty.channel.DefaultChannelPool - Entry count for : http://localhost:57479 : 1
18:15:15.553 [AsyncHttpClient-1-1] DEBUG org.asynchttpclient.netty.channel.DefaultChannelPool - Entry count for : http://localhost:59207 : 1
18:15:15.553 [AsyncHttpClient-1-1] DEBUG org.asynchttpclient.netty.channel.DefaultChannelPool - Entry count for : http://localhost:59206 : 1
18:15:16.641 [AsyncHttpClient-1-1] DEBUG org.asynchttpclient.netty.channel.DefaultChannelPool - Entry count for : http://localhost:57479 : 1
18:15:16.641 [AsyncHttpClient-1-1] DEBUG org.asynchttpclient.netty.channel.DefaultChannelPool - Entry count for : http://localhost:59207 : 1
18:15:16.641 [AsyncHttpClient-1-1] DEBUG org.asynchttpclient.netty.channel.DefaultChannelPool - Entry count for : http://localhost:59206 : 1
18:15:17.744 [AsyncHttpClient-1-1] DEBUG org.asynchttpclient.netty.channel.DefaultChannelPool - Entry count for : http://localhost:57479 : 1
18:15:17.744 [AsyncHttpClient-1-1] DEBUG org.asynchttpclient.netty.channel.DefaultChannelPool - Entry count for : http://localhost:59207 : 1
18:15:17.744 [AsyncHttpClient-1-1] DEBUG org.asynchttpclient.netty.channel.DefaultChannelPool - Entry count for : http://localhost:59206 : 1
18:15:18.840 [AsyncHttpClient-1-1] DEBUG org.asynchttpclient.netty.channel.DefaultChannelPool - Entry count for : http://localhost:57479 : 1
18:15:18.840 [AsyncHttpClient-1-1] DEBUG org.asynchttpclient.netty.channel.DefaultChannelPool - Entry count for : http://localhost:59207 : 1
18:15:18.840 [AsyncHttpClient-1-1] DEBUG org.asynchttpclient.netty.channel.DefaultChannelPool - Entry count for : http://localhost:59206 : 1
18:15:19.938 [AsyncHttpClient-1-1] DEBUG org.asynchttpclient.netty.channel.DefaultChannelPool - Entry count for : http://localhost:57479 : 1
18:15:19.939 [AsyncHttpClient-1-1] DEBUG org.asynchttpclient.netty.channel.DefaultChannelPool - Entry count for : http://localhost:59207 : 1
18:15:19.939 [AsyncHttpClient-1-1] DEBUG org.asynchttpclient.netty.channel.DefaultChannelPool - Entry count for : http://localhost:59206 : 1
18:15:21.051 [AsyncHttpClient-1-1] DEBUG org.asynchttpclient.netty.channel.DefaultChannelPool - Entry count for : http://localhost:57479 : 1
18:15:21.051 [AsyncHttpClient-1-1] DEBUG org.asynchttpclient.netty.channel.DefaultChannelPool - Entry count for : http://localhost:59207 : 1
18:15:21.051 [AsyncHttpClient-1-1] DEBUG org.asynchttpclient.netty.channel.DefaultChannelPool - Entry count for : http://localhost:59206 : 1
18:15:22.151 [AsyncHttpClient-1-1] DEBUG org.asynchttpclient.netty.channel.DefaultChannelPool - Entry count for : http://localhost:57479 : 1
18:15:22.152 [AsyncHttpClient-1-1] DEBUG org.asynchttpclient.netty.channel.DefaultChannelPool - Entry count for : http://localhost:59207 : 1
18:15:22.152 [AsyncHttpClient-1-1] DEBUG org.asynchttpclient.netty.channel.DefaultChannelPool - Entry count for : http://localhost:59206 : 1
18:15:23.249 [AsyncHttpClient-1-1] DEBUG org.asynchttpclient.netty.channel.DefaultChannelPool - Entry count for : http://localhost:57479 : 1
18:15:23.249 [AsyncHttpClient-1-1] DEBUG org.asynchttpclient.netty.channel.DefaultChannelPool - Entry count for : http://localhost:59207 : 1
18:15:23.249 [AsyncHttpClient-1-1] DEBUG org.asynchttpclient.netty.channel.DefaultChannelPool - Entry count for : http://localhost:59206 : 1
18:15:23.506 [AsyncHttpClient-1-2] DEBUG org.asynchttpclient.netty.handler.HttpHandler - 

Request DefaultHttpRequest(decodeResult: success, version: HTTP/1.1)
POST /session/800d1b971b0429289ed19dd7ffdc6bbf/url HTTP/1.1
User-Agent: selenium/4.3.0 (java windows)
Content-Length: 67
Content-Type: application/json; charset=utf-8
host: localhost:49906
accept: */*

Response DefaultHttpResponse(decodeResult: success, version: HTTP/1.1)
HTTP/1.1 200 OK
Content-Type: application/json; charset=utf-8
cache-control: no-cache
content-length: 14

18:15:23.506 [AsyncHttpClient-1-2] DEBUG org.asynchttpclient.netty.channel.ChannelManager - Adding key: http://localhost:49906 for channel [id: 0xdfa82bd9, L:/127.0.0.1:59204 - R:localhost/127.0.0.1:49906]
18:15:23.510 [Forwarding findElement on session 800d1b971b0429289ed19dd7ffdc6bbf to remote] DEBUG org.asynchttpclient.netty.request.NettyRequestSender - Using pooled Channel '[id: 0xdfa82bd9, L:/127.0.0.1:59204 - R:localhost/127.0.0.1:49906]' for 'POST' to 'http://localhost:49906/session/800d1b971b0429289ed19dd7ffdc6bbf/element'
18:15:23.510 [Forwarding findElement on session 800d1b971b0429289ed19dd7ffdc6bbf to remote] DEBUG org.asynchttpclient.netty.request.NettyRequestSender - Using open Channel [id: 0xdfa82bd9, L:/127.0.0.1:59204 - R:localhost/127.0.0.1:49906] for POST '/session/800d1b971b0429289ed19dd7ffdc6bbf/element'
18:15:23.564 [AsyncHttpClient-1-2] DEBUG org.asynchttpclient.netty.handler.HttpHandler - 

Request DefaultHttpRequest(decodeResult: success, version: HTTP/1.1)
POST /session/800d1b971b0429289ed19dd7ffdc6bbf/element HTTP/1.1
User-Agent: selenium/4.3.0 (java windows)
Content-Length: 54
Content-Type: application/json; charset=utf-8
host: localhost:49906
accept: */*

Response DefaultHttpResponse(decodeResult: success, version: HTTP/1.1)
HTTP/1.1 200 OK
Content-Type: application/json; charset=utf-8
cache-control: no-cache
content-length: 125

18:15:23.565 [AsyncHttpClient-1-2] DEBUG org.asynchttpclient.netty.channel.ChannelManager - Adding key: http://localhost:49906 for channel [id: 0xdfa82bd9, L:/127.0.0.1:59204 - R:localhost/127.0.0.1:49906]
18:15:23.568 [Forwarding sendKeysToElement on session 800d1b971b0429289ed19dd7ffdc6bbf to remote] DEBUG org.asynchttpclient.netty.request.NettyRequestSender - Using pooled Channel '[id: 0xdfa82bd9, L:/127.0.0.1:59204 - R:localhost/127.0.0.1:49906]' for 'POST' to 'http://localhost:49906/session/800d1b971b0429289ed19dd7ffdc6bbf/element/f.805C6D1FF797EEB8EE91A2DEF4FEC55F.d.824862BF9E9EF9069F40714C0F2C373D.e.3/value'
18:15:23.568 [Forwarding sendKeysToElement on session 800d1b971b0429289ed19dd7ffdc6bbf to remote] DEBUG org.asynchttpclient.netty.request.NettyRequestSender - Using open Channel [id: 0xdfa82bd9, L:/127.0.0.1:59204 - R:localhost/127.0.0.1:49906] for POST '/session/800d1b971b0429289ed19dd7ffdc6bbf/element/f.805C6D1FF797EEB8EE91A2DEF4FEC55F.d.824862BF9E9EF9069F40714C0F2C373D.e.3/value'
18:15:23.818 [AsyncHttpClient-1-2] DEBUG org.asynchttpclient.netty.handler.HttpHandler - 

Request DefaultHttpRequest(decodeResult: success, version: HTTP/1.1)
POST /session/800d1b971b0429289ed19dd7ffdc6bbf/element/f.805C6D1FF797EEB8EE91A2DEF4FEC55F.d.824862BF9E9EF9069F40714C0F2C373D.e.3/value HTTP/1.1
User-Agent: selenium/4.3.0 (java windows)
Content-Length: 288
Content-Type: application/json; charset=utf-8
host: localhost:49906
accept: */*

Response DefaultHttpResponse(decodeResult: success, version: HTTP/1.1)
HTTP/1.1 200 OK
Content-Type: application/json; charset=utf-8
cache-control: no-cache
content-length: 14

18:15:23.818 [AsyncHttpClient-1-2] DEBUG org.asynchttpclient.netty.channel.ChannelManager - Adding key: http://localhost:49906 for channel [id: 0xdfa82bd9, L:/127.0.0.1:59204 - R:localhost/127.0.0.1:49906]
18:15:23.821 [Forwarding findElement on session 800d1b971b0429289ed19dd7ffdc6bbf to remote] DEBUG org.asynchttpclient.netty.request.NettyRequestSender - Using pooled Channel '[id: 0xdfa82bd9, L:/127.0.0.1:59204 - R:localhost/127.0.0.1:49906]' for 'POST' to 'http://localhost:49906/session/800d1b971b0429289ed19dd7ffdc6bbf/element'
18:15:23.822 [Forwarding findElement on session 800d1b971b0429289ed19dd7ffdc6bbf to remote] DEBUG org.asynchttpclient.netty.request.NettyRequestSender - Using open Channel [id: 0xdfa82bd9, L:/127.0.0.1:59204 - R:localhost/127.0.0.1:49906] for POST '/session/800d1b971b0429289ed19dd7ffdc6bbf/element'
18:15:23.853 [AsyncHttpClient-1-2] DEBUG org.asynchttpclient.netty.handler.HttpHandler - 

Request DefaultHttpRequest(decodeResult: success, version: HTTP/1.1)
POST /session/800d1b971b0429289ed19dd7ffdc6bbf/element HTTP/1.1
User-Agent: selenium/4.3.0 (java windows)
Content-Length: 57
Content-Type: application/json; charset=utf-8
host: localhost:49906
accept: */*

Response DefaultHttpResponse(decodeResult: success, version: HTTP/1.1)
HTTP/1.1 200 OK
Content-Type: application/json; charset=utf-8
cache-control: no-cache
content-length: 125

18:15:23.853 [AsyncHttpClient-1-2] DEBUG org.asynchttpclient.netty.channel.ChannelManager - Adding key: http://localhost:49906 for channel [id: 0xdfa82bd9, L:/127.0.0.1:59204 - R:localhost/127.0.0.1:49906]
18:15:23.857 [Forwarding sendKeysToElement on session 800d1b971b0429289ed19dd7ffdc6bbf to remote] DEBUG org.asynchttpclient.netty.request.NettyRequestSender - Using pooled Channel '[id: 0xdfa82bd9, L:/127.0.0.1:59204 - R:localhost/127.0.0.1:49906]' for 'POST' to 'http://localhost:49906/session/800d1b971b0429289ed19dd7ffdc6bbf/element/f.805C6D1FF797EEB8EE91A2DEF4FEC55F.d.824862BF9E9EF9069F40714C0F2C373D.e.2/value'
18:15:23.857 [Forwarding sendKeysToElement on session 800d1b971b0429289ed19dd7ffdc6bbf to remote] DEBUG org.asynchttpclient.netty.request.NettyRequestSender - Using open Channel [id: 0xdfa82bd9, L:/127.0.0.1:59204 - R:localhost/127.0.0.1:49906] for POST '/session/800d1b971b0429289ed19dd7ffdc6bbf/element/f.805C6D1FF797EEB8EE91A2DEF4FEC55F.d.824862BF9E9EF9069F40714C0F2C373D.e.2/value'
18:15:24.012 [AsyncHttpClient-1-2] DEBUG org.asynchttpclient.netty.handler.HttpHandler - 

Request DefaultHttpRequest(decodeResult: success, version: HTTP/1.1)
POST /session/800d1b971b0429289ed19dd7ffdc6bbf/element/f.805C6D1FF797EEB8EE91A2DEF4FEC55F.d.824862BF9E9EF9069F40714C0F2C373D.e.2/value HTTP/1.1
User-Agent: selenium/4.3.0 (java windows)
Content-Length: 198
Content-Type: application/json; charset=utf-8
host: localhost:49906
accept: */*

Response DefaultHttpResponse(decodeResult: success, version: HTTP/1.1)
HTTP/1.1 200 OK
Content-Type: application/json; charset=utf-8
cache-control: no-cache
content-length: 14

18:15:24.013 [AsyncHttpClient-1-2] DEBUG org.asynchttpclient.netty.channel.ChannelManager - Adding key: http://localhost:49906 for channel [id: 0xdfa82bd9, L:/127.0.0.1:59204 - R:localhost/127.0.0.1:49906]
18:15:24.018 [Forwarding findElement on session 800d1b971b0429289ed19dd7ffdc6bbf to remote] DEBUG org.asynchttpclient.netty.request.NettyRequestSender - Using pooled Channel '[id: 0xdfa82bd9, L:/127.0.0.1:59204 - R:localhost/127.0.0.1:49906]' for 'POST' to 'http://localhost:49906/session/800d1b971b0429289ed19dd7ffdc6bbf/element'
18:15:24.019 [Forwarding findElement on session 800d1b971b0429289ed19dd7ffdc6bbf to remote] DEBUG org.asynchttpclient.netty.request.NettyRequestSender - Using open Channel [id: 0xdfa82bd9, L:/127.0.0.1:59204 - R:localhost/127.0.0.1:49906] for POST '/session/800d1b971b0429289ed19dd7ffdc6bbf/element'
18:15:24.055 [AsyncHttpClient-1-2] DEBUG org.asynchttpclient.netty.handler.HttpHandler - 

Request DefaultHttpRequest(decodeResult: success, version: HTTP/1.1)
POST /session/800d1b971b0429289ed19dd7ffdc6bbf/element HTTP/1.1
User-Agent: selenium/4.3.0 (java windows)
Content-Length: 50
Content-Type: application/json; charset=utf-8
host: localhost:49906
accept: */*

Response DefaultHttpResponse(decodeResult: success, version: HTTP/1.1)
HTTP/1.1 200 OK
Content-Type: application/json; charset=utf-8
cache-control: no-cache
content-length: 125

18:15:24.055 [AsyncHttpClient-1-2] DEBUG org.asynchttpclient.netty.channel.ChannelManager - Adding key: http://localhost:49906 for channel [id: 0xdfa82bd9, L:/127.0.0.1:59204 - R:localhost/127.0.0.1:49906]
18:15:24.057 [Forwarding clickElement on session 800d1b971b0429289ed19dd7ffdc6bbf to remote] DEBUG org.asynchttpclient.netty.request.NettyRequestSender - Using pooled Channel '[id: 0xdfa82bd9, L:/127.0.0.1:59204 - R:localhost/127.0.0.1:49906]' for 'POST' to 'http://localhost:49906/session/800d1b971b0429289ed19dd7ffdc6bbf/element/f.805C6D1FF797EEB8EE91A2DEF4FEC55F.d.824862BF9E9EF9069F40714C0F2C373D.e.8/click'
18:15:24.058 [Forwarding clickElement on session 800d1b971b0429289ed19dd7ffdc6bbf to remote] DEBUG org.asynchttpclient.netty.request.NettyRequestSender - Using open Channel [id: 0xdfa82bd9, L:/127.0.0.1:59204 - R:localhost/127.0.0.1:49906] for POST '/session/800d1b971b0429289ed19dd7ffdc6bbf/element/f.805C6D1FF797EEB8EE91A2DEF4FEC55F.d.824862BF9E9EF9069F40714C0F2C373D.e.8/click'
18:15:24.180 [AsyncHttpClient-1-2] DEBUG org.asynchttpclient.netty.handler.HttpHandler - 

Request DefaultHttpRequest(decodeResult: success, version: HTTP/1.1)
POST /session/800d1b971b0429289ed19dd7ffdc6bbf/element/f.805C6D1FF797EEB8EE91A2DEF4FEC55F.d.824862BF9E9EF9069F40714C0F2C373D.e.8/click HTTP/1.1
User-Agent: selenium/4.3.0 (java windows)
Content-Length: 87
Content-Type: application/json; charset=utf-8
host: localhost:49906
accept: */*

Response DefaultHttpResponse(decodeResult: success, version: HTTP/1.1)
HTTP/1.1 200 OK
Content-Type: application/json; charset=utf-8
cache-control: no-cache
content-length: 14

18:15:24.182 [AsyncHttpClient-1-2] DEBUG org.asynchttpclient.netty.channel.ChannelManager - Adding key: http://localhost:49906 for channel [id: 0xdfa82bd9, L:/127.0.0.1:59204 - R:localhost/127.0.0.1:49906]
18:15:24.185 [Forwarding findElement on session 800d1b971b0429289ed19dd7ffdc6bbf to remote] DEBUG org.asynchttpclient.netty.request.NettyRequestSender - Using pooled Channel '[id: 0xdfa82bd9, L:/127.0.0.1:59204 - R:localhost/127.0.0.1:49906]' for 'POST' to 'http://localhost:49906/session/800d1b971b0429289ed19dd7ffdc6bbf/element'
18:15:24.185 [Forwarding findElement on session 800d1b971b0429289ed19dd7ffdc6bbf to remote] DEBUG org.asynchttpclient.netty.request.NettyRequestSender - Using open Channel [id: 0xdfa82bd9, L:/127.0.0.1:59204 - R:localhost/127.0.0.1:49906] for POST '/session/800d1b971b0429289ed19dd7ffdc6bbf/element'
18:15:24.208 [AsyncHttpClient-1-2] DEBUG org.asynchttpclient.netty.handler.HttpHandler - 

Request DefaultHttpRequest(decodeResult: success, version: HTTP/1.1)
POST /session/800d1b971b0429289ed19dd7ffdc6bbf/element HTTP/1.1
User-Agent: selenium/4.3.0 (java windows)
Content-Length: 63
Content-Type: application/json; charset=utf-8
host: localhost:49906
accept: */*

Response DefaultHttpResponse(decodeResult: success, version: HTTP/1.1)
HTTP/1.1 404 Not Found
Content-Type: application/json; charset=utf-8
cache-control: no-cache
content-length: 1059

18:15:24.210 [AsyncHttpClient-1-2] DEBUG org.asynchttpclient.netty.channel.ChannelManager - Adding key: http://localhost:49906 for channel [id: 0xdfa82bd9, L:/127.0.0.1:59204 - R:localhost/127.0.0.1:49906]
18:15:24.340 [AsyncHttpClient-1-1] DEBUG org.asynchttpclient.netty.channel.DefaultChannelPool - Entry count for : http://localhost:49906 : 1
18:15:24.340 [AsyncHttpClient-1-1] DEBUG org.asynchttpclient.netty.channel.DefaultChannelPool - Entry count for : http://localhost:57479 : 1
18:15:24.340 [AsyncHttpClient-1-1] DEBUG org.asynchttpclient.netty.channel.DefaultChannelPool - Entry count for : http://localhost:59207 : 1
18:15:24.340 [AsyncHttpClient-1-1] DEBUG org.asynchttpclient.netty.channel.DefaultChannelPool - Entry count for : http://localhost:59206 : 1
18:15:24.724 [Forwarding findElement on session 800d1b971b0429289ed19dd7ffdc6bbf to remote] DEBUG org.asynchttpclient.netty.request.NettyRequestSender - Using pooled Channel '[id: 0xdfa82bd9, L:/127.0.0.1:59204 - R:localhost/127.0.0.1:49906]' for 'POST' to 'http://localhost:49906/session/800d1b971b0429289ed19dd7ffdc6bbf/element'
18:15:24.724 [Forwarding findElement on session 800d1b971b0429289ed19dd7ffdc6bbf to remote] DEBUG org.asynchttpclient.netty.request.NettyRequestSender - Using open Channel [id: 0xdfa82bd9, L:/127.0.0.1:59204 - R:localhost/127.0.0.1:49906] for POST '/session/800d1b971b0429289ed19dd7ffdc6bbf/element'
18:15:24.736 [AsyncHttpClient-1-2] DEBUG org.asynchttpclient.netty.handler.HttpHandler - 

Request DefaultHttpRequest(decodeResult: success, version: HTTP/1.1)
POST /session/800d1b971b0429289ed19dd7ffdc6bbf/element HTTP/1.1
User-Agent: selenium/4.3.0 (java windows)
Content-Length: 63
Content-Type: application/json; charset=utf-8
host: localhost:49906
accept: */*

Response DefaultHttpResponse(decodeResult: success, version: HTTP/1.1)
HTTP/1.1 200 OK
Content-Type: application/json; charset=utf-8
cache-control: no-cache
content-length: 126

18:15:24.737 [AsyncHttpClient-1-2] DEBUG org.asynchttpclient.netty.channel.ChannelManager - Adding key: http://localhost:49906 for channel [id: 0xdfa82bd9, L:/127.0.0.1:59204 - R:localhost/127.0.0.1:49906]
18:15:24.747 [Forwarding isElementDisplayed on session 800d1b971b0429289ed19dd7ffdc6bbf to remote] DEBUG org.asynchttpclient.netty.request.NettyRequestSender - Using pooled Channel '[id: 0xdfa82bd9, L:/127.0.0.1:59204 - R:localhost/127.0.0.1:49906]' for 'POST' to 'http://localhost:49906/session/800d1b971b0429289ed19dd7ffdc6bbf/execute/sync'
18:15:24.747 [Forwarding isElementDisplayed on session 800d1b971b0429289ed19dd7ffdc6bbf to remote] DEBUG org.asynchttpclient.netty.request.NettyRequestSender - Using open Channel [id: 0xdfa82bd9, L:/127.0.0.1:59204 - R:localhost/127.0.0.1:49906] for POST '/session/800d1b971b0429289ed19dd7ffdc6bbf/execute/sync'
18:15:24.768 [AsyncHttpClient-1-2] DEBUG org.asynchttpclient.netty.handler.HttpHandler - 

Request DefaultHttpRequest(decodeResult: success, version: HTTP/1.1)
POST /session/800d1b971b0429289ed19dd7ffdc6bbf/execute/sync HTTP/1.1
User-Agent: selenium/4.3.0 (java windows)
Content-Length: 48818
Content-Type: application/json; charset=utf-8
host: localhost:49906
accept: */*

Response DefaultHttpResponse(decodeResult: success, version: HTTP/1.1)
HTTP/1.1 200 OK
Content-Type: application/json; charset=utf-8
cache-control: no-cache
content-length: 14

18:15:24.769 [AsyncHttpClient-1-2] DEBUG org.asynchttpclient.netty.channel.ChannelManager - Adding key: http://localhost:49906 for channel [id: 0xdfa82bd9, L:/127.0.0.1:59204 - R:localhost/127.0.0.1:49906]
18:15:24.771 [Forwarding findElement on session 800d1b971b0429289ed19dd7ffdc6bbf to remote] DEBUG org.asynchttpclient.netty.request.NettyRequestSender - Using pooled Channel '[id: 0xdfa82bd9, L:/127.0.0.1:59204 - R:localhost/127.0.0.1:49906]' for 'POST' to 'http://localhost:49906/session/800d1b971b0429289ed19dd7ffdc6bbf/element'
18:15:24.771 [Forwarding findElement on session 800d1b971b0429289ed19dd7ffdc6bbf to remote] DEBUG org.asynchttpclient.netty.request.NettyRequestSender - Using open Channel [id: 0xdfa82bd9, L:/127.0.0.1:59204 - R:localhost/127.0.0.1:49906] for POST '/session/800d1b971b0429289ed19dd7ffdc6bbf/element'
18:15:24.783 [AsyncHttpClient-1-2] DEBUG org.asynchttpclient.netty.handler.HttpHandler - 

Request DefaultHttpRequest(decodeResult: success, version: HTTP/1.1)
POST /session/800d1b971b0429289ed19dd7ffdc6bbf/element HTTP/1.1
User-Agent: selenium/4.3.0 (java windows)
Content-Length: 63
Content-Type: application/json; charset=utf-8
host: localhost:49906
accept: */*

Response DefaultHttpResponse(decodeResult: success, version: HTTP/1.1)
HTTP/1.1 200 OK
Content-Type: application/json; charset=utf-8
cache-control: no-cache
content-length: 126

18:15:24.783 [AsyncHttpClient-1-2] DEBUG org.asynchttpclient.netty.channel.ChannelManager - Adding key: http://localhost:49906 for channel [id: 0xdfa82bd9, L:/127.0.0.1:59204 - R:localhost/127.0.0.1:49906]
18:15:24.784 [Forwarding getElementText on session 800d1b971b0429289ed19dd7ffdc6bbf to remote] DEBUG org.asynchttpclient.netty.request.NettyRequestSender - Using pooled Channel '[id: 0xdfa82bd9, L:/127.0.0.1:59204 - R:localhost/127.0.0.1:49906]' for 'GET' to 'http://localhost:49906/session/800d1b971b0429289ed19dd7ffdc6bbf/element/f.805C6D1FF797EEB8EE91A2DEF4FEC55F.d.824862BF9E9EF9069F40714C0F2C373D.e.12/text'
18:15:24.784 [Forwarding getElementText on session 800d1b971b0429289ed19dd7ffdc6bbf to remote] DEBUG org.asynchttpclient.netty.request.NettyRequestSender - Using open Channel [id: 0xdfa82bd9, L:/127.0.0.1:59204 - R:localhost/127.0.0.1:49906] for GET '/session/800d1b971b0429289ed19dd7ffdc6bbf/element/f.805C6D1FF797EEB8EE91A2DEF4FEC55F.d.824862BF9E9EF9069F40714C0F2C373D.e.12/text'
18:15:24.813 [AsyncHttpClient-1-2] DEBUG org.asynchttpclient.netty.handler.HttpHandler - 

Request DefaultFullHttpRequest(decodeResult: success, version: HTTP/1.1, content: EmptyByteBufBE)
GET /session/800d1b971b0429289ed19dd7ffdc6bbf/element/f.805C6D1FF797EEB8EE91A2DEF4FEC55F.d.824862BF9E9EF9069F40714C0F2C373D.e.12/text HTTP/1.1
User-Agent: selenium/4.3.0 (java windows)
Cache-Control: no-cache
Content-Type: application/json; charset=utf-8
host: localhost:49906
accept: */*

Response DefaultHttpResponse(decodeResult: success, version: HTTP/1.1)
HTTP/1.1 200 OK
Content-Type: application/json; charset=utf-8
cache-control: no-cache
content-length: 40

18:15:24.813 [AsyncHttpClient-1-2] DEBUG org.asynchttpclient.netty.channel.ChannelManager - Adding key: http://localhost:49906 for channel [id: 0xdfa82bd9, L:/127.0.0.1:59204 - R:localhost/127.0.0.1:49906]
]]></system-out>
    <system-err><![CDATA[Starting ChromeDriver 129.0.6668.70 (df87d5cf12b1397be7495a04cab2db6239b227a8-refs/branch-heads/6668@{#1420}) on port 57479
Only local connections are allowed.
Please see https://chromedriver.chromium.org/security-considerations for suggestions on kSeetpiang CrhromteDriiver safne.g
 ChromeDriver 129.0.6668.70 (df87d5cf12b1397be7495a04cab2db6239b227a8-refs/branch-heads/6668@{#1420}) on port 49906
Only local connections are allowed.
Please see https://chromedriver.chromium.org/security-considerations for suggestions on keeping ChromeDriver safe.
ChromeDriver was started successfully on port 57479.
ChromeDriver was started successfully on port 49906.
Oct 01, 2024 6:14:46 PM org.openqa.selenium.remote.ProtocolHandshake createSession
INFO: Detected upstream dialect: W3C
Oct 01, 2024 6:14:46 PM org.openqa.selenium.remote.ProtocolHandshake createSession
INFO: Detected upstream dialect: W3C
Oct 01, 2024 6:14:46 PM org.openqa.selenium.devtools.CdpVersionFinder findNearestMatch
WARNING: Unable to find an exact match for CDP version 129, so returning the closest version found: a no-op implementation
Oct 01, 2024 6:14:46 PM org.openqa.selenium.devtools.CdpVersionFinder findNearestMatch
INFO: Unable to find CDP implementation matching 129.
Oct 01, 2024 6:14:46 PM org.openqa.selenium.devtools.CdpVersionFinder findNearestMatch
WARNING: Unable to find an exact match for CDP version 129, so returning the closest version found: a no-op implementation
Oct 01, 2024 6:14:46 PM org.openqa.selenium.devtools.CdpVersionFinder findNearestMatch
INFO: Unable to find CDP implementation matching 129.
Oct 01, 2024 6:14:46 PM org.openqa.selenium.chromium.ChromiumDriver lambda$new$3
WARNING: Unable to find version of CDP to use for . You may need to include a dependency on a specific version of the CDP using something similar to `org.seleniumhq.selenium:selenium-devtools-v86:4.3.0` where the version ("v86") matches the version of the chromium-based browser you're using and the version number of the artifact is the same as Selenium's.
Oct 01, 2024 6:14:46 PM org.openqa.selenium.chromium.ChromiumDriver lambda$new$3
WARNING: Unable to find version of CDP to use for . You may need to include a dependency on a specific version of the CDP using something similar to `org.seleniumhq.selenium:selenium-devtools-v86:4.3.0` where the version ("v86") matches the version of the chromium-based browser you're using and the version number of the artifact is the same as Selenium's.
java.lang.NoSuchFieldException: driver
	at java.base/java.lang.Class.getField(Class.java:2284)
	at seleniumframework.TestComponents.Listeners.onTestFailure(Listeners.java:40)
	at org.testng.internal.TestListenerHelper.runTestListeners(TestListenerHelper.java:67)
	at org.testng.internal.Invoker.runTestListeners(Invoker.java:1389)
	at org.testng.internal.Invoker.invokeMethod(Invoker.java:636)
	at org.testng.internal.Invoker.invokeTestMethod(Invoker.java:719)
	at org.testng.internal.Invoker.invokeTestMethods(Invoker.java:989)
	at org.testng.internal.TestMethodWorker.invokeTestMethods(TestMethodWorker.java:125)
	at org.testng.internal.TestMethodWorker.run(TestMethodWorker.java:109)
	at org.testng.TestRunner.privateRun(TestRunner.java:648)
	at org.testng.TestRunner.run(TestRunner.java:505)
	at org.testng.SuiteRunner.runTest(SuiteRunner.java:455)
	at org.testng.SuiteRunner.access$000(SuiteRunner.java:40)
	at org.testng.SuiteRunner$SuiteWorker.run(SuiteRunner.java:489)
	at org.testng.internal.thread.ThreadUtil$1.call(ThreadUtil.java:52)
	at java.base/java.util.concurrent.FutureTask.run(FutureTask.java:317)
	at java.base/java.util.concurrent.ThreadPoolExecutor.runWorker(ThreadPoolExecutor.java:1144)
	at java.base/java.util.concurrent.ThreadPoolExecutor$Worker.run(ThreadPoolExecutor.java:642)
	at java.base/java.lang.Thread.run(Thread.java:1583)
java.lang.NoSuchFieldException: driver
	at java.base/java.lang.Class.getField(Class.java:2284)
	at seleniumframework.TestComponents.Listeners.onTestFailure(Listeners.java:40)
	at org.testng.internal.TestListenerHelper.runTestListeners(TestListenerHelper.java:67)
	at org.testng.internal.Invoker.runTestListeners(Invoker.java:1389)
	at org.testng.internal.Invoker.invokeTestMethods(Invoker.java:1042)
	at org.testng.internal.TestMethodWorker.invokeTestMethods(TestMethodWorker.java:125)
	at org.testng.internal.TestMethodWorker.run(TestMethodWorker.java:109)
	at org.testng.TestRunner.privateRun(TestRunner.java:648)
	at org.testng.TestRunner.run(TestRunner.java:505)
	at org.testng.SuiteRunner.runTest(SuiteRunner.java:455)
	at org.testng.SuiteRunner.access$000(SuiteRunner.java:40)
	at org.testng.SuiteRunner$SuiteWorker.run(SuiteRunner.java:489)
	at org.testng.internal.thread.ThreadUtil$1.call(ThreadUtil.java:52)
	at java.base/java.util.concurrent.FutureTask.run(FutureTask.java:317)
	at java.base/java.util.concurrent.ThreadPoolExecutor.runWorker(ThreadPoolExecutor.java:1144)
	at java.base/java.util.concurrent.ThreadPoolExecutor$Worker.run(ThreadPoolExecutor.java:642)
	at java.base/java.lang.Thread.run(Thread.java:1583)
]]></system-err>
  </testcase>
  <testcase name="productErrorValidation" classname="seleniumframework.tests.ErrorValidationsTest" time="3.722">
[...]
18:15:38.950 [AsyncHttpClient-1-8] DEBUG org.asynchttpclient.netty.handler.HttpHandler - 

Request DefaultHttpRequest(decodeResult: success, version: HTTP/1.1)
POST /session/641807023765c56a9141e1839198589c/element HTTP/1.1
User-Agent: selenium/4.3.0 (java windows)
Content-Length: 49
Content-Type: application/json; charset=utf-8
host: localhost:59449
accept: */*

Response DefaultHttpResponse(decodeResult: success, version: HTTP/1.1)
HTTP/1.1 200 OK
Content-Type: application/json; charset=utf-8
cache-control: no-cache
content-length: 126

18:15:38.950 [AsyncHttpClient-1-8] DEBUG org.asynchttpclient.netty.channel.ChannelManager - Adding key: http://localhost:59449 for channel [id: 0xb4dc5f77, L:/127.0.0.1:59389 - R:localhost/127.0.0.1:59449]
18:15:38.950 [Forwarding isElementDisplayed on session 641807023765c56a9141e1839198589c to remote] DEBUG org.asynchttpclient.netty.request.NettyRequestSender - Using pooled Channel '[id: 0xb4dc5f77, L:/127.0.0.1:59389 - R:localhost/127.0.0.1:59449]' for 'POST' to 'http://localhost:59449/session/641807023765c56a9141e1839198589c/execute/sync'
18:15:38.950 [Forwarding isElementDisplayed on session 641807023765c56a9141e1839198589c to remote] DEBUG org.asynchttpclient.netty.request.NettyRequestSender - Using open Channel [id: 0xb4dc5f77, L:/127.0.0.1:59389 - R:localhost/127.0.0.1:59449] for POST '/session/641807023765c56a9141e1839198589c/execute/sync'
18:15:38.982 [AsyncHttpClient-1-8] DEBUG org.asynchttpclient.netty.handler.HttpHandler - 

Request DefaultHttpRequest(decodeResult: success, version: HTTP/1.1)
POST /session/641807023765c56a9141e1839198589c/execute/sync HTTP/1.1
User-Agent: selenium/4.3.0 (java windows)
Content-Length: 48818
Content-Type: application/json; charset=utf-8
host: localhost:59449
accept: */*

Response DefaultHttpResponse(decodeResult: success, version: HTTP/1.1)
HTTP/1.1 200 OK
Content-Type: application/json; charset=utf-8
cache-control: no-cache
content-length: 14

18:15:38.996 [AsyncHttpClient-1-8] DEBUG org.asynchttpclient.netty.channel.ChannelManager - Adding key: http://localhost:59449 for channel [id: 0xb4dc5f77, L:/127.0.0.1:59389 - R:localhost/127.0.0.1:59449]
18:15:38.998 [Forwarding findElements on session 641807023765c56a9141e1839198589c to remote] DEBUG org.asynchttpclient.netty.request.NettyRequestSender - Using pooled Channel '[id: 0xb4dc5f77, L:/127.0.0.1:59389 - R:localhost/127.0.0.1:59449]' for 'POST' to 'http://localhost:59449/session/641807023765c56a9141e1839198589c/elements'
18:15:38.998 [Forwarding findElements on session 641807023765c56a9141e1839198589c to remote] DEBUG org.asynchttpclient.netty.request.NettyRequestSender - Using open Channel [id: 0xb4dc5f77, L:/127.0.0.1:59389 - R:localhost/127.0.0.1:59449] for POST '/session/641807023765c56a9141e1839198589c/elements'
18:15:39.031 [AsyncHttpClient-1-8] DEBUG org.asynchttpclient.netty.handler.HttpHandler - 

Request DefaultHttpRequest(decodeResult: success, version: HTTP/1.1)
POST /session/641807023765c56a9141e1839198589c/elements HTTP/1.1
User-Agent: selenium/4.3.0 (java windows)
Content-Length: 49
Content-Type: application/json; charset=utf-8
host: localhost:59449
accept: */*

Response DefaultHttpResponse(decodeResult: success, version: HTTP/1.1)
HTTP/1.1 200 OK
Content-Type: application/json; charset=utf-8
cache-control: no-cache
content-length: 947

18:15:39.031 [AsyncHttpClient-1-8] DEBUG org.asynchttpclient.netty.channel.ChannelManager - Adding key: http://localhost:59449 for channel [id: 0xb4dc5f77, L:/127.0.0.1:59389 - R:localhost/127.0.0.1:59449]
18:15:39.031 [Forwarding findChildElement on session 641807023765c56a9141e1839198589c to remote] DEBUG org.asynchttpclient.netty.request.NettyRequestSender - Using pooled Channel '[id: 0xb4dc5f77, L:/127.0.0.1:59389 - R:localhost/127.0.0.1:59449]' for 'POST' to 'http://localhost:59449/session/641807023765c56a9141e1839198589c/element/f.51265B918076D605A38DFD61F4B43421.d.F01F328B73D84A13BE324EC8B119651A.e.68/element'
18:15:39.031 [Forwarding findChildElement on session 641807023765c56a9141e1839198589c to remote] DEBUG org.asynchttpclient.netty.request.NettyRequestSender - Using open Channel [id: 0xb4dc5f77, L:/127.0.0.1:59389 - R:localhost/127.0.0.1:59449] for POST '/session/641807023765c56a9141e1839198589c/element/f.51265B918076D605A38DFD61F4B43421.d.F01F328B73D84A13BE324EC8B119651A.e.68/element'
18:15:39.067 [AsyncHttpClient-1-8] DEBUG org.asynchttpclient.netty.handler.HttpHandler - 

Request DefaultHttpRequest(decodeResult: success, version: HTTP/1.1)
POST /session/641807023765c56a9141e1839198589c/element/f.51265B918076D605A38DFD61F4B43421.d.F01F328B73D84A13BE324EC8B119651A.e.68/element HTTP/1.1
User-Agent: selenium/4.3.0 (java windows)
Content-Length: 131
Content-Type: application/json; charset=utf-8
host: localhost:59449
accept: */*

Response DefaultHttpResponse(decodeResult: success, version: HTTP/1.1)
HTTP/1.1 200 OK
Content-Type: application/json; charset=utf-8
cache-control: no-cache
content-length: 126

18:15:39.067 [AsyncHttpClient-1-8] DEBUG org.asynchttpclient.netty.channel.ChannelManager - Adding key: http://localhost:59449 for channel [id: 0xb4dc5f77, L:/127.0.0.1:59389 - R:localhost/127.0.0.1:59449]
18:15:39.067 [Forwarding getElementText on session 641807023765c56a9141e1839198589c to remote] DEBUG org.asynchttpclient.netty.request.NettyRequestSender - Using pooled Channel '[id: 0xb4dc5f77, L:/127.0.0.1:59389 - R:localhost/127.0.0.1:59449]' for 'GET' to 'http://localhost:59449/session/641807023765c56a9141e1839198589c/element/f.51265B918076D605A38DFD61F4B43421.d.F01F328B73D84A13BE324EC8B119651A.e.81/text'
18:15:39.067 [Forwarding getElementText on session 641807023765c56a9141e1839198589c to remote] DEBUG org.asynchttpclient.netty.request.NettyRequestSender - Using open Channel [id: 0xb4dc5f77, L:/127.0.0.1:59389 - R:localhost/127.0.0.1:59449] for GET '/session/641807023765c56a9141e1839198589c/element/f.51265B918076D605A38DFD61F4B43421.d.F01F328B73D84A13BE324EC8B119651A.e.81/text'
18:15:39.101 [AsyncHttpClient-1-8] DEBUG org.asynchttpclient.netty.handler.HttpHandler - 

Request DefaultFullHttpRequest(decodeResult: success, version: HTTP/1.1, content: EmptyByteBufBE)
GET /session/641807023765c56a9141e1839198589c/element/f.51265B918076D605A38DFD61F4B43421.d.F01F328B73D84A13BE324EC8B119651A.e.81/text HTTP/1.1
User-Agent: selenium/4.3.0 (java windows)
Cache-Control: no-cache
Content-Type: application/json; charset=utf-8
host: localhost:59449
accept: */*

Response DefaultHttpResponse(decodeResult: success, version: HTTP/1.1)
HTTP/1.1 200 OK
Content-Type: application/json; charset=utf-8
cache-control: no-cache
content-length: 23

18:15:39.101 [AsyncHttpClient-1-8] DEBUG org.asynchttpclient.netty.channel.ChannelManager - Adding key: http://localhost:59449 for channel [id: 0xb4dc5f77, L:/127.0.0.1:59389 - R:localhost/127.0.0.1:59449]
18:15:39.101 [Forwarding findChildElement on session 641807023765c56a9141e1839198589c to remote] DEBUG org.asynchttpclient.netty.request.NettyRequestSender - Using pooled Channel '[id: 0xb4dc5f77, L:/127.0.0.1:59389 - R:localhost/127.0.0.1:59449]' for 'POST' to 'http://localhost:59449/session/641807023765c56a9141e1839198589c/element/f.51265B918076D605A38DFD61F4B43421.d.F01F328B73D84A13BE324EC8B119651A.e.68/element'
18:15:39.101 [Forwarding findChildElement on session 641807023765c56a9141e1839198589c to remote] DEBUG org.asynchttpclient.netty.request.NettyRequestSender - Using open Channel [id: 0xb4dc5f77, L:/127.0.0.1:59389 - R:localhost/127.0.0.1:59449] for POST '/session/641807023765c56a9141e1839198589c/element/f.51265B918076D605A38DFD61F4B43421.d.F01F328B73D84A13BE324EC8B119651A.e.68/element'
18:15:39.149 [AsyncHttpClient-1-8] DEBUG org.asynchttpclient.netty.handler.HttpHandler - 

Request DefaultHttpRequest(decodeResult: success, version: HTTP/1.1)
POST /session/641807023765c56a9141e1839198589c/element/f.51265B918076D605A38DFD61F4B43421.d.F01F328B73D84A13BE324EC8B119651A.e.68/element HTTP/1.1
User-Agent: selenium/4.3.0 (java windows)
Content-Length: 160
Content-Type: application/json; charset=utf-8
host: localhost:59449
accept: */*

Response DefaultHttpResponse(decodeResult: success, version: HTTP/1.1)
HTTP/1.1 200 OK
Content-Type: application/json; charset=utf-8
cache-control: no-cache
content-length: 126

18:15:39.149 [AsyncHttpClient-1-8] DEBUG org.asynchttpclient.netty.channel.ChannelManager - Adding key: http://localhost:59449 for channel [id: 0xb4dc5f77, L:/127.0.0.1:59389 - R:localhost/127.0.0.1:59449]
18:15:39.149 [Forwarding clickElement on session 641807023765c56a9141e1839198589c to remote] DEBUG org.asynchttpclient.netty.request.NettyRequestSender - Using pooled Channel '[id: 0xb4dc5f77, L:/127.0.0.1:59389 - R:localhost/127.0.0.1:59449]' for 'POST' to 'http://localhost:59449/session/641807023765c56a9141e1839198589c/element/f.51265B918076D605A38DFD61F4B43421.d.F01F328B73D84A13BE324EC8B119651A.e.85/click'
18:15:39.149 [Forwarding clickElement on session 641807023765c56a9141e1839198589c to remote] DEBUG org.asynchttpclient.netty.request.NettyRequestSender - Using open Channel [id: 0xb4dc5f77, L:/127.0.0.1:59389 - R:localhost/127.0.0.1:59449] for POST '/session/641807023765c56a9141e1839198589c/element/f.51265B918076D605A38DFD61F4B43421.d.F01F328B73D84A13BE324EC8B119651A.e.85/click'
18:15:39.251 [AsyncHttpClient-1-8] DEBUG org.asynchttpclient.netty.handler.HttpHandler - 

Request DefaultHttpRequest(decodeResult: success, version: HTTP/1.1)
POST /session/641807023765c56a9141e1839198589c/element/f.51265B918076D605A38DFD61F4B43421.d.F01F328B73D84A13BE324EC8B119651A.e.85/click HTTP/1.1
User-Agent: selenium/4.3.0 (java windows)
Content-Length: 88
Content-Type: application/json; charset=utf-8
host: localhost:59449
accept: */*

Response DefaultHttpResponse(decodeResult: success, version: HTTP/1.1)
HTTP/1.1 200 OK
Content-Type: application/json; charset=utf-8
cache-control: no-cache
content-length: 14

18:15:39.251 [AsyncHttpClient-1-8] DEBUG org.asynchttpclient.netty.channel.ChannelManager - Adding key: http://localhost:59449 for channel [id: 0xb4dc5f77, L:/127.0.0.1:59389 - R:localhost/127.0.0.1:59449]
18:15:39.251 [Forwarding findElement on session 641807023765c56a9141e1839198589c to remote] DEBUG org.asynchttpclient.netty.request.NettyRequestSender - Using pooled Channel '[id: 0xb4dc5f77, L:/127.0.0.1:59389 - R:localhost/127.0.0.1:59449]' for 'POST' to 'http://localhost:59449/session/641807023765c56a9141e1839198589c/element'
18:15:39.251 [Forwarding findElement on session 641807023765c56a9141e1839198589c to remote] DEBUG org.asynchttpclient.netty.request.NettyRequestSender - Using open Channel [id: 0xb4dc5f77, L:/127.0.0.1:59389 - R:localhost/127.0.0.1:59449] for POST '/session/641807023765c56a9141e1839198589c/element'
18:15:39.281 [AsyncHttpClient-1-8] DEBUG org.asynchttpclient.netty.handler.HttpHandler - 

Request DefaultHttpRequest(decodeResult: success, version: HTTP/1.1)
POST /session/641807023765c56a9141e1839198589c/element HTTP/1.1
User-Agent: selenium/4.3.0 (java windows)
Content-Length: 60
Content-Type: application/json; charset=utf-8
host: localhost:59449
accept: */*

Response DefaultHttpResponse(decodeResult: success, version: HTTP/1.1)
HTTP/1.1 200 OK
Content-Type: application/json; charset=utf-8
cache-control: no-cache
content-length: 126

18:15:39.281 [AsyncHttpClient-1-8] DEBUG org.asynchttpclient.netty.channel.ChannelManager - Adding key: http://localhost:59449 for channel [id: 0xb4dc5f77, L:/127.0.0.1:59389 - R:localhost/127.0.0.1:59449]
18:15:39.297 [Forwarding isElementDisplayed on session 641807023765c56a9141e1839198589c to remote] DEBUG org.asynchttpclient.netty.request.NettyRequestSender - Using pooled Channel '[id: 0xb4dc5f77, L:/127.0.0.1:59389 - R:localhost/127.0.0.1:59449]' for 'POST' to 'http://localhost:59449/session/641807023765c56a9141e1839198589c/execute/sync'
18:15:39.297 [Forwarding isElementDisplayed on session 641807023765c56a9141e1839198589c to remote] DEBUG org.asynchttpclient.netty.request.NettyRequestSender - Using open Channel [id: 0xb4dc5f77, L:/127.0.0.1:59389 - R:localhost/127.0.0.1:59449] for POST '/session/641807023765c56a9141e1839198589c/execute/sync'
18:15:39.338 [AsyncHttpClient-1-8] DEBUG org.asynchttpclient.netty.handler.HttpHandler - 

Request DefaultHttpRequest(decodeResult: success, version: HTTP/1.1)
POST /session/641807023765c56a9141e1839198589c/execute/sync HTTP/1.1
User-Agent: selenium/4.3.0 (java windows)
Content-Length: 48818
Content-Type: application/json; charset=utf-8
host: localhost:59449
accept: */*

Response DefaultHttpResponse(decodeResult: success, version: HTTP/1.1)
HTTP/1.1 200 OK
Content-Type: application/json; charset=utf-8
cache-control: no-cache
content-length: 14

18:15:39.338 [AsyncHttpClient-1-8] DEBUG org.asynchttpclient.netty.channel.ChannelManager - Adding key: http://localhost:59449 for channel [id: 0xb4dc5f77, L:/127.0.0.1:59389 - R:localhost/127.0.0.1:59449]
18:15:39.747 [AsyncHttpClient-1-1] DEBUG org.asynchttpclient.netty.channel.DefaultChannelPool - Entry count for : http://localhost:59400 : 1
18:15:39.747 [AsyncHttpClient-1-1] DEBUG org.asynchttpclient.netty.channel.DefaultChannelPool - Entry count for : http://localhost:57479 : 1
18:15:39.747 [AsyncHttpClient-1-1] DEBUG org.asynchttpclient.netty.channel.DefaultChannelPool - Entry count for : http://localhost:59449 : 1
18:15:39.747 [AsyncHttpClient-1-1] DEBUG org.asynchttpclient.netty.channel.DefaultChannelPool - Entry count for : http://localhost:59206 : 1
18:15:40.853 [AsyncHttpClient-1-1] DEBUG org.asynchttpclient.netty.channel.DefaultChannelPool - Entry count for : http://localhost:59400 : 1
18:15:40.853 [AsyncHttpClient-1-1] DEBUG org.asynchttpclient.netty.channel.DefaultChannelPool - Entry count for : http://localhost:57479 : 1
18:15:40.853 [AsyncHttpClient-1-1] DEBUG org.asynchttpclient.netty.channel.DefaultChannelPool - Entry count for : http://localhost:59449 : 1
18:15:40.853 [AsyncHttpClient-1-1] DEBUG org.asynchttpclient.netty.channel.DefaultChannelPool - Entry count for : http://localhost:59206 : 1
18:15:41.344 [Forwarding findElement on session 641807023765c56a9141e1839198589c to remote] DEBUG org.asynchttpclient.netty.request.NettyRequestSender - Using pooled Channel '[id: 0xb4dc5f77, L:/127.0.0.1:59389 - R:localhost/127.0.0.1:59449]' for 'POST' to 'http://localhost:59449/session/641807023765c56a9141e1839198589c/element'
18:15:41.344 [Forwarding findElement on session 641807023765c56a9141e1839198589c to remote] DEBUG org.asynchttpclient.netty.request.NettyRequestSender - Using open Channel [id: 0xb4dc5f77, L:/127.0.0.1:59389 - R:localhost/127.0.0.1:59449] for POST '/session/641807023765c56a9141e1839198589c/element'
18:15:41.372 [AsyncHttpClient-1-8] DEBUG org.asynchttpclient.netty.handler.HttpHandler - 

Request DefaultHttpRequest(decodeResult: success, version: HTTP/1.1)
POST /session/641807023765c56a9141e1839198589c/element HTTP/1.1
User-Agent: selenium/4.3.0 (java windows)
Content-Length: 64
Content-Type: application/json; charset=utf-8
host: localhost:59449
accept: */*

Response DefaultHttpResponse(decodeResult: success, version: HTTP/1.1)
HTTP/1.1 200 OK
Content-Type: application/json; charset=utf-8
cache-control: no-cache
content-length: 126

18:15:41.373 [AsyncHttpClient-1-8] DEBUG org.asynchttpclient.netty.channel.ChannelManager - Adding key: http://localhost:59449 for channel [id: 0xb4dc5f77, L:/127.0.0.1:59389 - R:localhost/127.0.0.1:59449]
18:15:41.375 [Forwarding clickElement on session 641807023765c56a9141e1839198589c to remote] DEBUG org.asynchttpclient.netty.request.NettyRequestSender - Using pooled Channel '[id: 0xb4dc5f77, L:/127.0.0.1:59389 - R:localhost/127.0.0.1:59449]' for 'POST' to 'http://localhost:59449/session/641807023765c56a9141e1839198589c/element/f.51265B918076D605A38DFD61F4B43421.d.F01F328B73D84A13BE324EC8B119651A.e.97/click'
18:15:41.375 [Forwarding clickElement on session 641807023765c56a9141e1839198589c to remote] DEBUG org.asynchttpclient.netty.request.NettyRequestSender - Using open Channel [id: 0xb4dc5f77, L:/127.0.0.1:59389 - R:localhost/127.0.0.1:59449] for POST '/session/641807023765c56a9141e1839198589c/element/f.51265B918076D605A38DFD61F4B43421.d.F01F328B73D84A13BE324EC8B119651A.e.97/click'
18:15:41.517 [AsyncHttpClient-1-8] DEBUG org.asynchttpclient.netty.handler.HttpHandler - 

Request DefaultHttpRequest(decodeResult: success, version: HTTP/1.1)
POST /session/641807023765c56a9141e1839198589c/element/f.51265B918076D605A38DFD61F4B43421.d.F01F328B73D84A13BE324EC8B119651A.e.97/click HTTP/1.1
User-Agent: selenium/4.3.0 (java windows)
Content-Length: 88
Content-Type: application/json; charset=utf-8
host: localhost:59449
accept: */*

Response DefaultHttpResponse(decodeResult: success, version: HTTP/1.1)
HTTP/1.1 200 OK
Content-Type: application/json; charset=utf-8
cache-control: no-cache
content-length: 14

18:15:41.518 [AsyncHttpClient-1-8] DEBUG org.asynchttpclient.netty.channel.ChannelManager - Adding key: http://localhost:59449 for channel [id: 0xb4dc5f77, L:/127.0.0.1:59389 - R:localhost/127.0.0.1:59449]
18:15:41.525 [Forwarding findElements on session 641807023765c56a9141e1839198589c to remote] DEBUG org.asynchttpclient.netty.request.NettyRequestSender - Using pooled Channel '[id: 0xb4dc5f77, L:/127.0.0.1:59389 - R:localhost/127.0.0.1:59449]' for 'POST' to 'http://localhost:59449/session/641807023765c56a9141e1839198589c/elements'
18:15:41.525 [Forwarding findElements on session 641807023765c56a9141e1839198589c to remote] DEBUG org.asynchttpclient.netty.request.NettyRequestSender - Using open Channel [id: 0xb4dc5f77, L:/127.0.0.1:59389 - R:localhost/127.0.0.1:59449] for POST '/session/641807023765c56a9141e1839198589c/elements'
18:15:41.551 [AsyncHttpClient-1-8] DEBUG org.asynchttpclient.netty.handler.HttpHandler - 

Request DefaultHttpRequest(decodeResult: success, version: HTTP/1.1)
POST /session/641807023765c56a9141e1839198589c/elements HTTP/1.1
User-Agent: selenium/4.3.0 (java windows)
Content-Length: 59
Content-Type: application/json; charset=utf-8
host: localhost:59449
accept: */*

Response DefaultHttpResponse(decodeResult: success, version: HTTP/1.1)
HTTP/1.1 200 OK
Content-Type: application/json; charset=utf-8
cache-control: no-cache
content-length: 12

18:15:41.552 [AsyncHttpClient-1-8] DEBUG org.asynchttpclient.netty.channel.ChannelManager - Adding key: http://localhost:59449 for channel [id: 0xb4dc5f77, L:/127.0.0.1:59389 - R:localhost/127.0.0.1:59449]
]]></system-out>
    <system-err><![CDATA[Starting ChromeDriver 129.0.6668.70 (df87d5cf12b1397be7495a04cab2db6239b227a8-refs/branch-heads/6668@{#1420}) on port 59449
Only local connections are allowed.
Please see https://chromedriver.chromium.org/security-considerations for suggestions on keeping ChromeDriver safe.
ChromeDriver was started successfully on port 59449.
Oct 01, 2024 6:15:25 PM org.openqa.selenium.remote.ProtocolHandshake createSession
INFO: Detected upstream dialect: W3C
Oct 01, 2024 6:15:25 PM org.openqa.selenium.devtools.CdpVersionFinder findNearestMatch
WARNING: Unable to find an exact match for CDP version 129, so returning the closest version found: a no-op implementation
Oct 01, 2024 6:15:25 PM org.openqa.selenium.devtools.CdpVersionFinder findNearestMatch
INFO: Unable to find CDP implementation matching 129.
Oct 01, 2024 6:15:25 PM org.openqa.selenium.chromium.ChromiumDriver lambda$new$3
WARNING: Unable to find version of CDP to use for . You may need to include a dependency on a specific version of the CDP using something similar to `org.seleniumhq.selenium:selenium-devtools-v86:4.3.0` where the version ("v86") matches the version of the chromium-based browser you're using and the version number of the artifact is the same as Selenium's.
]]></system-err>
  </testcase>
</testsuite>