<?xml version="1.0" encoding="UTF-8"?>
<testng-results ignored="0" total="4" passed="4" failed="0" skipped="0">
  <reporter-output>
  </reporter-output>
  <suite started-at="2024-10-01T12:31:33Z" name="Suite" finished-at="2024-10-01T12:32:13Z" duration-ms="39790">
    <groups>
      <group name="Purchase">
        <method signature="SubmitOrderTest.submitOrder(java.util.HashMap)[pri:0, instance:seleniumframework.tests.SubmitOrderTest@2dbf4cbd]" name="submitOrder" class="seleniumframework.tests.SubmitOrderTest"/>
      </group> <!-- Purchase -->
      <group name="ErrorHandling">
        <method signature="ErrorValidationsTest.loginErrorValidation()[pri:0, instance:seleniumframework.tests.ErrorValidationsTest@3ce3db41]" name="loginErrorValidation" class="seleniumframework.tests.ErrorValidationsTest"/>
      </group> <!-- ErrorHandling -->
    </groups>
    <test started-at="2024-10-01T12:31:33Z" name="Error Validations Test" finished-at="2024-10-01T12:31:58Z" duration-ms="24703">
      <class name="seleniumframework.tests.ErrorValidationsTest">
        <test-method is-config="true" signature="launchApplication()[pri:0, instance:seleniumframework.tests.ErrorValidationsTest@3ce3db41]" started-at="2024-10-01T12:31:33Z" name="launchApplication" finished-at="2024-10-01T12:31:41Z" duration-ms="8378" status="PASS">
          <reporter-output>
          </reporter-output>
        </test-method> <!-- launchApplication -->
        <test-method signature="loginErrorValidation()[pri:0, instance:seleniumframework.tests.ErrorValidationsTest@3ce3db41]" started-at="2024-10-01T12:31:41Z" name="loginErrorValidation" finished-at="2024-10-01T12:31:42Z" duration-ms="943" status="PASS">
          <reporter-output>
          </reporter-output>
        </test-method> <!-- loginErrorValidation -->
        <test-method is-config="true" signature="tearDown()[pri:0, instance:seleniumframework.tests.ErrorValidationsTest@3ce3db41]" started-at="2024-10-01T12:31:42Z" name="tearDown" finished-at="2024-10-01T12:31:43Z" duration-ms="193" status="PASS">
          <reporter-output>
          </reporter-output>
        </test-method> <!-- tearDown -->
        <test-method is-config="true" signature="launchApplication()[pri:0, instance:seleniumframework.tests.ErrorValidationsTest@3ce3db41]" started-at="2024-10-01T12:31:43Z" name="launchApplication" finished-at="2024-10-01T12:31:54Z" duration-ms="11776" status="PASS">
          <reporter-output>
          </reporter-output>
        </test-method> <!-- launchApplication -->
        <test-method signature="productErrorValidation()[pri:0, instance:seleniumframework.tests.ErrorValidationsTest@3ce3db41]" started-at="2024-10-01T12:31:54Z" name="productErrorValidation" finished-at="2024-10-01T12:31:57Z" duration-ms="3187" status="PASS">
          <reporter-output>
          </reporter-output>
        </test-method> <!-- productErrorValidation -->
        <test-method is-config="true" signature="tearDown()[pri:0, instance:seleniumframework.tests.ErrorValidationsTest@3ce3db41]" started-at="2024-10-01T12:31:57Z" name="tearDown" finished-at="2024-10-01T12:31:58Z" duration-ms="196" status="PASS">
          <reporter-output>
          </reporter-output>
        </test-method> <!-- tearDown -->
      </class> <!-- seleniumframework.tests.ErrorValidationsTest -->
    </test> <!-- Error Validations Test -->
    <test started-at="2024-10-01T12:31:33Z" name="Submit Order Test" finished-at="2024-10-01T12:32:13Z" duration-ms="39790">
      <class name="seleniumframework.tests.SubmitOrderTest">
        <test-method is-config="true" signature="launchApplication()[pri:0, instance:seleniumframework.tests.SubmitOrderTest@2dbf4cbd]" started-at="2024-10-01T12:31:33Z" name="launchApplication" finished-at="2024-10-01T12:31:46Z" duration-ms="12840" status="PASS">
          <reporter-output>
          </reporter-output>
        </test-method> <!-- launchApplication -->
        <test-method signature="submitOrder(java.util.HashMap)[pri:0, instance:seleniumframework.tests.SubmitOrderTest@2dbf4cbd]" started-at="2024-10-01T12:31:46Z" name="submitOrder" data-provider="getData" finished-at="2024-10-01T12:31:54Z" duration-ms="8333" status="PASS">
          <params>
            <param index="0">
              <value>
                <![CDATA[{password=Iamking@000, product=ZARA COAT 3, email=anshika@gmail.com}]]>
              </value>
            </param>
          </params>
          <reporter-output>
          </reporter-output>
        </test-method> <!-- submitOrder -->
        <test-method is-config="true" signature="tearDown()[pri:0, instance:seleniumframework.tests.SubmitOrderTest@2dbf4cbd]" started-at="2024-10-01T12:31:54Z" name="tearDown" finished-at="2024-10-01T12:31:55Z" duration-ms="186" status="PASS">
          <reporter-output>
          </reporter-output>
        </test-method> <!-- tearDown -->
        <test-method is-config="true" signature="launchApplication()[pri:0, instance:seleniumframework.tests.SubmitOrderTest@2dbf4cbd]" started-at="2024-10-01T12:31:55Z" name="launchApplication" finished-at="2024-10-01T12:32:05Z" duration-ms="10208" status="PASS">
          <reporter-output>
          </reporter-output>
        </test-method> <!-- launchApplication -->
        <test-method signature="submitOrder(java.util.HashMap)[pri:0, instance:seleniumframework.tests.SubmitOrderTest@2dbf4cbd]" started-at="2024-10-01T12:32:05Z" name="submitOrder" data-provider="getData" finished-at="2024-10-01T12:32:13Z" duration-ms="7789" status="PASS">
          <params>
            <param index="0">
              <value>
                <![CDATA[{password=Iamking@000, product=ADIDAS ORIGINAL, email=shetty123shetty@gmail.com}]]>
              </value>
            </param>
          </params>
          <reporter-output>
          </reporter-output>
        </test-method> <!-- submitOrder -->
        <test-method is-config="true" signature="tearDown()[pri:0, instance:seleniumframework.tests.SubmitOrderTest@2dbf4cbd]" started-at="2024-10-01T12:32:13Z" name="tearDown" finished-at="2024-10-01T12:32:13Z" duration-ms="187" status="PASS">
          <reporter-output>
          </reporter-output>
        </test-method> <!-- tearDown -->
      </class> <!-- seleniumframework.tests.SubmitOrderTest -->
    </test> <!-- Submit Order Test -->
  </suite> <!-- Suite -->
</testng-results>
